1.2784144
-1.0569638
0.47167217
0.27015508
-0.90733093
1.2206823
-1.1101629
0.62865906
0.044933132
-0.67418687
1.0487578
-1.0556996
0.71468394
-0.16117348
-0.4064458
0.79955013
-0.90446194
0.71261593
-0.31419851
-0.14225567
0.50555063
-0.67322122
0.61866355
-0.38933215
0.079046184
0.20806231
-0.39410517
0.44605631
-0.37597297
0.22696787
-0.051725615
-0.10572566
0.21912348
-0.27859119
0.28396688
-0.23990422
0.15166578
-0.028440683
-0.11282173
0.24429429
-0.33115076
0.34038168
-0.25589206
0.087402781
0.12527674
-0.32163896
0.4387559
-0.43040634
0.28764378
-0.046642382
-0.22160546
0.43391436
-0.51976177
0.44746452
-0.23525367
-0.052868739
0.32971491
-0.50930293
0.53557061
-0.39963294
0.14440973
0.15306062
-0.40476057
0.53630028
-0.51054699
0.33667918
-0.067614387
-0.21924398
0.44336974
-0.54112759
0.48481172
-0.29049505
0.012592196
0.27272972
-0.48488831
0.56110216
-0.47550254
0.24868436
0.059482946
-0.35999424
0.55996429
-0.59673969
0.45491439
-0.1728347
-0.16612909
0.46192405
-0.62146579
0.59443794
-0.38750813
0.064244012
0.27691239
-0.53436729
0.63124554
-0.53945462
0.2886199
0.04519734
-0.36358837
0.57449735
-0.61620041
0.47739784
-0.20122313
-0.13113314
0.42624364
-0.59756432
0.59489991
-0.41880575
0.12023644
0.21638073
-0.4914807
0.62353785
-0.57331509
0.35453494
-0.031287406
-0.30295873
0.54863925
-0.63267925
0.53121938
-0.27344736
-0.064625511
0.3831004
-0.58900387
0.62190573
-0.47241948
0.18570397
0.1553124
-0.45016409
0.61244735
-0.5957684
0.40689872
-0.09953507
-0.23588874
0.50154925
-0.62257772
0.56245788
-0.33935267
0.01797099
0.30918331
-0.54696257
0.62596216
-0.52298585
0.26716652
0.067525845
-0.38223583
0.58553035
-0.61766369
0.46874775
-0.18275699
-0.15480305
0.44673607
-0.60721903
0.58958192
-0.40043258
0.095542942
0.23628197
-0.49781034
0.61400836
-0.55134832
0.32882091
-0.012217616
-0.30723187
0.53721418
-0.61105001
0.50781692
-0.25731722
-0.06866887
0.37507603
-0.57263571
0.60419494
-0.46020612
0.18167149
0.1507467
-0.43981977
0.60083472
-0.586765
0.40165964
-0.099042588
-0.23295814
0.4969264
-0.61594775
0.55537669
-0.33345209
0.014565362
0.30891944
-0.54234984
0.61778911
-0.51364024
0.26003553
0.069325952
-0.37836142
0.57703364
-0.60752166
0.46088919
-0.18001903
-0.1528985
0.44085397
-0.60010321
0.58419847
-0.39787889
0.096612005
0.23190686
-0.49247621
0.60916361
-0.54823019
0.32797268
-0.013496167
-0.30383812
0.53196079
-0.60495788
0.50186098
-0.25397658
-0.065611909
0.36476106
-0.55718529
0.58749119
-0.44767183
0.18024101
0.13653504
-0.41267261
0.56902936
-0.56079691
0.39115156
-0.11099002
-0.19897531
0.45135453
-0.57361832
0.53080845
-0.3358555
0.046210034
0.25591394
-0.48483277
0.57472502
-0.49885766
0.27905247
0.020445859
-0.31467944
0.51922365
-0.57446125
0.46344569
-0.21819864
-0.090476564
0.37410768
-0.55036828
0.56745224
-0.41986489
0.15034272
0.16381129
-0.4313857
0.57444754
-0.5511288
0.36778707
-0.076995673
-0.23678097
0.48262301
-0.58905753
0.52484546
-0.30818448
0.0014653078
0.30647703
-0.52634033
0.594342
-0.49034599
0.2438293
0.074891408
-0.37303537
0.56415789
-0.59240106
0.44879708
-0.17383701
-0.15377583
0.43803607
-0.59631934
0.58176991
-0.39748101
0.095866816
0.23587507
-0.50046715
0.62035664
-0.55936263
0.3344251
-0.010042344
-0.31916836
0.55666149
-0.63178286
0.52198039
-0.25862076
-0.082429342
0.40119505
-0.60274171
0.62783323
-0.46868166
0.17131256
0.17770523
-0.47484701
0.63257404
-0.60470539
0.39935352
-0.076076666
-0.26985919
0.53618815
-0.64496408
0.56453297
-0.31833622
-0.021643288
0.35542221
-0.58431267
0.64129838
-0.50988624
0.22884722
0.11907789
-0.43186457
0.61676503
-0.61991216
0.44082096
-0.13290672
-0.21298952
0.49471977
-0.62960981
0.57889759
-0.35865291
0.034577723
0.29802099
-0.54050846
0.622633
-0.52174965
0.269492
0.058512936
-0.36627168
0.56386884
-0.59470826
0.45189691
-0.18009613
-0.14030461
0.41571458
-0.56680464
0.55146569
-0.3778476
0.099164431
0.20301805
-0.44191856
0.5500721
-0.49996158
0.30907248
-0.034913822
-0.24432674
0.44997791
-0.52607975
0.45381296
-0.25526867
-0.01115654
0.270956
-0.45320333
0.50807782
-0.42112275
0.21713152
0.046217489
-0.29640947
0.46476935
-0.50408931
0.40278077
-0.18852193
-0.080291738
0.32931589
-0.48876998
0.51251135
-0.39161773
0.15783713
0.12503218
-0.37776042
0.52741057
-0.52886299
0.37766805
-0.11353416
-0.18976061
0.44506363
-0.57678631
0.54277848
-0.34838146
0.046541276
0.2759376
-0.52442793
0.62308542
-0.53783813
0.291127
0.047837041
-0.37931387
0.6037129
-0.65014087
0.5017445
-0.20047978
-0.16572559
0.48706368
-0.66487809
0.64385794
-0.42865837
0.083070627
0.29057588
-0.57821608
0.69263606
-0.59859406
0.3245853
0.047468501
-0.40433587
0.63885115
-0.68067493
0.5179913
-0.20117827
-0.17293088
0.49219019
-0.66164235
0.63215165
-0.4142584
0.076953234
0.27779369
-0.54546218
0.64819277
-0.55789572
0.30587695
0.029419892
-0.34916204
0.56157679
-0.60654697
0.47574386
-0.21073788
-0.10782849
0.38911065
-0.55375635
0.55841222
-0.4047731
0.13982096
0.15980949
-0.41003801
0.54248359
-0.52147738
0.35460345
-0.090229228
-0.19821477
0.4306814
-0.5423925
0.50190031
-0.31961806
0.046956246
0.24171573
-0.46461693
0.55772959
-0.49284765
0.28480785
0.0098875948
-0.30688532
0.51937206
-0.58409864
0.47826129
-0.22934949
-0.091936158
0.390657
-0.5779074
0.59538093
-0.43526624
0.14273091
0.1956572
-0.47776908
0.61817504
-0.57365542
0.35670575
-0.03249859
-0.30120337
0.54333386
-0.6216257
0.5136264
-0.2531843
-0.079379933
0.38458958
-0.57159114
0.58706874
-0.42972635
0.15005754
0.16774434
-0.43014457
0.56318851
-0.53147164
0.34860371
-0.070816661
-0.22118111
0.44518677
-0.53985061
0.48153193
-0.28958184
0.019720666
0.25303342
-0.45319574
0.52612187
-0.45239786
0.25220654
0.019325484
-0.28696449
0.47584254
-0.53215846
0.43742926
-0.21664733
-0.069425629
0.33976969
-0.51624513
0.54572881
-0.41655692
0.16343841
0.1418458
-0.40934731
0.55965726
-0.54618561
0.37076693
-0.083811086
-0.23032095
0.4777033
-0.58413013
0.51745804
-0.29759591
-0.010306534
0.31400534
-0.52349613
0.57770822
-0.46252285
0.21340923
0.095842195
-0.3736877
0.54024735
-0.54929242
0.40066882
-0.1391381
-0.15947206
0.40977035
-0.54172697
0.51939632
-0.35029192
0.082665744
0.20772719
-0.43967099
0.54800496
-0.50171605
0.31284687
-0.033084513
-0.25916119
0.48098717
-0.56782725
0.49207741
-0.27287213
-0.029458648
0.32854282
-0.53688231
0.59123529
-0.47236701
0.2119919
0.11535456
-0.41332959
0.592519
-0.59722624
0.42369709
-0.121821
-0.21957785
0.49748574
-0.62801216
0.57120026
-0.34373745
0.013751601
0.31977341
-0.55704802
0.62786742
-0.5124043
0.24653657
0.088903278
-0.39471448
0.58197518
-0.59737129
0.4385916
-0.15464282
-0.17036227
0.4427147
-0.5850341
0.55792367
-0.37085334
0.079032144
0.23327136
-0.477906
0.58522674
-0.52487515
0.31409569
-0.013420823
-0.29210507
0.5150657
-0.59071313
0.49616198
-0.25670289
-0.059076301
0.36020569
-0.55865135
0.59505007
-0.45659349
0.18265972
0.14686388
-0.43516607
0.59630242
-0.58129062
0.39360813
-0.089509571
-0.24053644
0.49889499
-0.60862707
0.53734585
-0.30744428
-0.01071855
0.32298827
-0.53738394
0.5915957
-0.47145982
0.21543424
0.098796991
-0.38014356
0.54722959
-0.5534725
0.39986915
-0.13376709
-0.16672906
0.41531089
-0.54200564
0.51226452
-0.33665436
0.067718285
0.21780074
-0.43922844
0.53426188
-0.47655522
0.2831239
-0.010759874
-0.26408443
0.46315699
-0.5294162
0.4437181
-0.23043742
-0.04945587
0.31562682
-0.49090065
0.52430902
-0.40602452
0.17030392
0.11504259
-0.36681151
0.51180893
-0.50821213
0.3576857
-0.10477817
-0.17748602
0.40709929
-0.51815566
0.47981774
-0.30442276
0.04327691
0.22913631
-0.43441691
0.51496272
-0.44920387
0.25661525
0.0087052439
-0.27170979
0.45762367
-0.51455293
0.42644357
-0.21712592
-0.056352078
0.31605041
-0.48820983
0.52333481
-0.40955272
0.17687994
0.11085271
-0.37104834
0.52820003
-0.53455109
0.38576943
-0.12239891
-0.18201729
0.43802843
-0.56947666
0.53536958
-0.34313819
0.045528093
0.27039254
-0.51015596
0.60187388
-0.51651142
0.27703361
0.048602682
-0.36287534
0.5721128
-0.61315121
0.47260054
-0.19071348
-0.15036189
0.44831747
-0.61455425
0.59926817
-0.40653116
0.092904931
0.24892475
-0.51755841
0.63349822
-0.56227159
0.3250785
0.0076436878
-0.33805433
0.56846838
-0.6308642
0.50685276
-0.23390562
-0.10727214
0.4152965
-0.60006141
0.60706018
-0.43464683
0.13592603
0.20091907
-0.47681454
0.61076739
-0.56396764
0.35107714
-0.038412693
-0.28253302
0.51828392
-0.60042688
0.50593868
-0.26481402
-0.04994831
0.34696227
-0.54026742
0.57462946
-0.44228778
0.18400726
0.12355692
-0.39219507
0.54535866
-0.54033736
0.38022109
-0.11353827
-0.18260483
0.42397726
-0.54272568
0.50555694
-0.32405446
0.051231511
0.23496676
-0.45333112
0.54165095
-0.47484606
0.27211318
0.0086066423
-0.28708686
0.48367026
-0.54152734
0.44346174
-0.21666451
-0.073281264
0.34306566
-0.51469187
0.53771408
-0.40399274
0.15243232
0.14438774
-0.4002437
0.54026437
-0.52242335
0.3516235
-0.078365048
-0.21777691
0.45042371
-0.55111776
0.49022921
-0.28598089
-0.00042321903
0.28550263
-0.48622319
0.54400891
-0.44260214
0.21280768
0.076479399
-0.34175851
0.50596717
-0.52208472
0.38676897
-0.1409452
-0.14381478
0.38471181
-0.5128668
0.49241186
-0.33115415
0.076354597
0.19877636
-0.41506763
0.51127983
-0.46126505
0.28017238
-0.019904476
-0.24582023
0.44039891
-0.50925459
0.43317069
-0.23393434
-0.032962801
0.29118808
-0.46657529
0.50939575
-0.40706323
0.18775649
0.087578857
-0.33960738
0.49529709
-0.5096374
0.3773779
-0.13467081
-0.14946388
0.39229811
-0.52332545
0.50371877
-0.33782802
0.07224516
0.21677081
-0.44465886
0.54463479
-0.48658085
0.28626134
-0.00056536692
-0.28754463
0.49342389
-0.55630039
0.45706397
-0.22373325
-0.077012461
0.35680142
-0.5333704
0.55467616
-0.41391461
0.15156252
0.15682975
-0.42004936
0.56116419
-0.53862115
0.35880324
-0.073792001
-0.23367937
0.47338691
-0.57529069
0.50949441
-0.29500877
-0.0066269364
0.3068997
-0.5180542
0.57840698
-0.47016833
0.22459443
0.087405961
-0.37454875
0.55280541
-0.56997869
0.42069709
-0.14823578
-0.1684221
0.43630654
-0.57700058
0.54916637
-0.36069689
0.066532499
0.24771859
-0.489573
0.58833105
-0.51500387
0.29094944
0.018646963
-0.32268061
0.53222037
-0.58594052
0.46817289
-0.21363634
-0.10316131
0.38933599
-0.56136354
0.56902521
-0.41033288
0.13259977
0.18309577
-0.44452668
0.57562062
-0.53828984
0.3439159
-0.050285304
-0.25702661
0.48851736
-0.57690858
0.49672986
-0.27208705
-0.030529263
0.32302819
-0.5204033
0.56552499
-0.44577151
0.19699291
0.10755621
-0.37930246
0.5396325
-0.54230687
0.38725116
-0.12118517
-0.17858745
0.42497927
-0.54680774
0.50923407
-0.32422717
0.047150552
0.24201492
-0.45960477
0.54287538
-0.46828953
0.25898114
0.022776085
-0.29632777
0.48271118
-0.5284422
0.42157104
-0.19424422
-0.087612326
0.34275811
-0.49768077
0.50864318
-0.37329162
0.13224052
0.1458124
-0.38061991
0.50511631
-0.4840259
0.32399405
-0.072841988
-0.19832017
0.41176846
-0.50650312
0.45562097
-0.2740492
0.015677476
0.24627923
-0.43774344
0.5036109
-0.42506576
0.22458831
0.040312122
-0.29375024
0.46339173
-0.50036304
0.39375857
-0.17399089
-0.096173331
0.33963963
-0.48628967
0.49360447
-0.35895895
0.12034795
0.15494304
-0.38653354
0.50765475
-0.48287567
0.31841251
-0.060375238
-0.21747291
0.43349458
-0.52508206
0.46479881
-0.26929935
-0.0063166288
0.28227993
-0.47755982
0.53480032
-0.43673884
0.21093282
0.078358221
-0.3456944
0.51339653
-0.5322288
0.39610793
-0.14373579
-0.15286653
0.4058387
-0.54116591
0.51904056
-0.34538618
0.069921219
0.22693584
-0.45807951
0.55609574
-0.49204806
0.28415343
0.0073203296
-0.29743429
0.50123514
-0.55913795
0.45394331
-0.21591945
-0.086225901
0.3635892
-0.53522362
