1   -0.00261981
2   0.00197681
3   -0.00441154
4   0.00369278
5   -0.0071368
6   0.00614845
7   -0.0113842
8   0.00991155
9   -0.018067
10   0.0158106
11   -0.0286437
12   0.0251769
13   -0.0454998
14   0.0402744
15   -0.0727273
16   0.0653842
17   -0.118213
18   0.11093
19   -0.202741
20   0.22515
21   -0.469806
22   0.407472
23   -0.212146
24   0.233198
25   -0.127944
26   0.145034
27   -0.080167
28   0.0914961
29   -0.0506619
30   0.0579206
31   -0.0320875
32   0.0366993
33   -0.0203347
34   0.0232583
35   -0.0128881
36   0.0147405
37   -0.00816832
38   0.0093419
39   -0.00517675
40   0.00592033
41   -0.00328064
42   0.00375182
43   -0.0020789
44   0.00237751
45   -0.00131719
46   0.00150651
47   -0.000834334
48   0.000954446
49   -0.000528119
50   0.000604472
51   -0.000333719
52   0.000382503
53   -0.000209944
54   0.000241525
55   -0.000130491
56   0.000151628
57   -7.84674e-05
58   9.3825e-05
59   -4.20581e-05
60   5.57647e-05
