1   -4.06809e-08
2   2.63552e-08
3   -4.07197e-08
4   3.36214e-08
5   -9.36748e-08
6   6.13243e-08
7   -1.01406e-07
8   8.77939e-08
9   -9.85107e-08
10   1.02695e-07
11   -9.29507e-08
12   1.0332e-07
13   -7.68979e-08
14   8.77661e-08
15   -5.89503e-08
16   6.6812e-08
17   -4.33327e-08
18   5.10119e-08
19   -3.19463e-08
20   3.98408e-08
21   2.15116e-08
22   -1.30606e-07
23   1.11973e-07
24   -1.62431e-07
25   1.30487e-07
26   -1.59093e-07
27   1.22614e-07
28   -1.36402e-07
29   1.06611e-07
30   -1.13799e-07
31   8.71614e-08
32   -9.50657e-08
33   6.84437e-08
34   -7.35118e-08
35   5.38272e-08
36   -6.10611e-08
37   4.2035e-08
38   -4.39603e-08
39   3.00803e-08
40   -3.29681e-08
41   2.60919e-08
42   -3.01596e-08
43   2.05752e-08
44   -2.2408e-08
45   1.21192e-08
46   -1.28047e-08
47   4.69962e-09
48   -7.62025e-09
49   3.79878e-09
50   -1.02874e-08
51   7.58225e-09
52   -1.36076e-08
53   9.27355e-09
54   -1.72291e-08
55   1.65134e-08
56   -2.20856e-08
57   1.23393e-08
58   -1.56348e-08
59   6.98503e-09
60   -9.31185e-09
