0.0   0   0.472936
0.0   1   0.332222
0.0   2   0.243552
0.0   3   0.223086
0.0   4   0.186557
0.0   5   0.182524
0.0   6   0.157731
0.0   7   0.1596
0.0   8   0.139311
0.0   9   0.14417
0.0   10   0.126023
0.0   11   0.1327
0.0   12   0.115675
0.0   13   0.123592
0.0   14   0.107166
0.0   15   0.115998
0.0   16   0.0998694
0.0   17   0.109422
0.0   18   0.0933966
0.0   19   0.103544
0.002564102564102564   0   0.472898
0.002564102564102564   1   0.336157
0.002564102564102564   2   0.243608
0.002564102564102564   3   0.226486
0.002564102564102564   4   0.186397
0.002564102564102564   5   0.185072
0.002564102564102564   6   0.15715
0.002564102564102564   7   0.161169
0.002564102564102564   8   0.138191
0.002564102564102564   9   0.144705
0.002564102564102564   10   0.124298
0.002564102564102564   11   0.132182
0.002564102564102564   12   0.113309
0.002564102564102564   13   0.122024
0.002564102564102564   14   0.104149
0.002564102564102564   15   0.113403
0.002564102564102564   16   0.096212
0.002564102564102564   17   0.105837
0.002564102564102564   18   0.0891246
0.002564102564102564   19   0.0990212
0.005128205128205128   0   0.472854
0.005128205128205128   1   0.339911
0.005128205128205128   2   0.243532
0.005128205128205128   3   0.229531
0.005128205128205128   4   0.185963
0.005128205128205128   5   0.187108
0.005128205128205128   6   0.156171
0.005128205128205128   7   0.162104
0.005128205128205128   8   0.136578
0.005128205128205128   9   0.144522
0.005128205128205128   10   0.122018
0.005128205128205128   11   0.130904
0.005128205128205128   12   0.110365
0.005128205128205128   13   0.1197
0.005128205128205128   14   0.100569
0.005128205128205128   15   0.110098
0.005128205128205128   16   0.0920374
0.005128205128205128   17   0.101627
0.005128205128205128   18   0.0844112
0.005128205128205128   19   0.0939884
0.007692307692307693   0   0.472807
0.007692307692307693   1   0.343478
0.007692307692307693   2   0.243338
0.007692307692307693   3   0.232229
0.007692307692307693   4   0.185291
0.007692307692307693   5   0.188667
0.007692307692307693   6   0.154855
0.007692307692307693   7   0.162467
0.007692307692307693   8   0.134563
0.007692307692307693   9   0.143717
0.007692307692307693   10   0.119305
0.007692307692307693   11   0.128997
0.007692307692307693   12   0.106992
0.007692307692307693   13   0.11678
0.007692307692307693   14   0.0965917
0.007692307692307693   15   0.106265
0.007692307692307693   16   0.0875275
0.007692307692307693   17   0.0969877
0.007692307692307693   18   0.0794481
0.007692307692307693   19   0.0886551
0.010256410256410256   0   0.472756
0.010256410256410256   1   0.34686
0.010256410256410256   2   0.243041
0.010256410256410256   3   0.234601
0.010256410256410256   4   0.184418
0.010256410256410256   5   0.189791
0.010256410256410256   6   0.153268
0.010256410256410256   7   0.162333
0.010256410256410256   8   0.132236
0.010256410256410256   9   0.142394
0.010256410256410256   10   0.116275
0.010256410256410256   11   0.126592
0.010256410256410256   12   0.103326
0.010256410256410256   13   0.113418
0.010256410256410256   14   0.0923735
0.010256410256410256   15   0.102078
0.010256410256410256   16   0.0828508
0.010256410256410256   17   0.0921081
0.010256410256410256   18   0.0744101
0.010256410256410256   19   0.0832105
0.01282051282051282   0   0.472702
0.01282051282051282   1   0.350063
0.01282051282051282   2   0.242654
0.01282051282051282   3   0.236667
0.01282051282051282   4   0.183376
0.01282051282051282   5   0.190527
0.01282051282051282   6   0.151461
0.01282051282051282   7   0.16177
0.01282051282051282   8   0.129674
0.01282051282051282   9   0.140647
0.01282051282051282   10   0.113024
0.01282051282051282   11   0.123806
0.01282051282051282   12   0.0994791
0.01282051282051282   13   0.109747
0.01282051282051282   14   0.0880368
0.01282051282051282   15   0.0976773
0.01282051282051282   16   0.0781332
0.01282051282051282   17   0.0871263
0.01282051282051282   18   0.069418
0.01282051282051282   19   0.0777884
0.015384615384615385   0   0.472645
0.015384615384615385   1   0.353098
0.015384615384615385   2   0.242189
0.015384615384615385   3   0.238454
0.015384615384615385   4   0.182196
0.015384615384615385   5   0.19092
0.015384615384615385   6   0.149486
0.015384615384615385   7   0.160849
0.015384615384615385   8   0.126944
0.015384615384615385   9   0.138564
0.015384615384615385   10   0.109634
0.015384615384615385   11   0.120739
0.015384615384615385   12   0.0955442
0.015384615384615385   13   0.105878
0.015384615384615385   14   0.0836797
0.015384615384615385   15   0.0931791
0.015384615384615385   16   0.0734739
0.015384615384615385   17   0.0821593
0.015384615384615385   18   0.0645685
0.015384615384615385   19   0.0724968
0.017948717948717947   0   0.472586
0.017948717948717947   1   0.355977
0.017948717948717947   2   0.241658
0.017948717948717947   3   0.23999
0.017948717948717947   4   0.180901
0.017948717948717947   5   0.191015
0.017948717948717947   6   0.14738
0.017948717948717947   7   0.159628
0.017948717948717947   8   0.124099
0.017948717948717947   9   0.136218
0.017948717948717947   10   0.106167
0.017948717948717947   11   0.117477
0.017948717948717947   12   0.0915909
0.017948717948717947   13   0.1019
0.017948717948717947   14   0.0793744
0.017948717948717947   15   0.0886717
0.017948717948717947   16   0.0689414
0.017948717948717947   17   0.0772877
0.017948717948717947   18   0.0599221
0.017948717948717947   19   0.067406
0.020512820512820513   0   0.472525
0.020512820512820513   1   0.358712
0.020512820512820513   2   0.241069
0.020512820512820513   3   0.241298
0.020512820512820513   4   0.179514
0.020512820512820513   5   0.190851
0.020512820512820513   6   0.145178
0.020512820512820513   7   0.15816
0.020512820512820513   8   0.121181
0.020512820512820513   9   0.133673
0.020512820512820513   10   0.102674
0.020512820512820513   11   0.114087
0.020512820512820513   12   0.0876724
0.020512820512820513   13   0.0978842
0.020512820512820513   14   0.0751721
0.020512820512820513   15   0.0842216
0.020512820512820513   16   0.0645827
0.020512820512820513   17   0.0725701
0.020512820512820513   18   0.0555175
0.020512820512820513   19   0.0625609
0.023076923076923078   0   0.472461
0.023076923076923078   1   0.361313
0.023076923076923078   2   0.240429
0.023076923076923078   3   0.242402
0.023076923076923078   4   0.178051
0.023076923076923078   5   0.190462
0.023076923076923078   6   0.142905
0.023076923076923078   7   0.15649
0.023076923076923078   8   0.118224
0.023076923076923078   9   0.130981
0.023076923076923078   10   0.0991931
0.023076923076923078   11   0.110626
0.023076923076923078   12   0.0838269
0.023076923076923078   13   0.0938822
0.023076923076923078   14   0.071108
0.023076923076923078   15   0.0798762
0.023076923076923078   16   0.060427
0.023076923076923078   17   0.0680444
0.023076923076923078   18   0.0513754
0.023076923076923078   19   0.0579882
0.02564102564102564   0   0.472395
0.02564102564102564   1   0.363793
0.02564102564102564   2   0.239746
0.02564102564102564   3   0.243322
0.02564102564102564   4   0.176526
0.02564102564102564   5   0.189879
0.02564102564102564   6   0.140584
0.02564102564102564   7   0.154656
0.02564102564102564   8   0.115255
0.02564102564102564   9   0.128183
0.02564102564102564   10   0.0957509
0.02564102564102564   11   0.107135
0.02564102564102564   12   0.0800803
0.02564102564102564   13   0.0899339
0.02564102564102564   14   0.0672045
0.02564102564102564   15   0.0756671
0.02564102564102564   16   0.0564895
0.02564102564102564   17   0.063733
0.02564102564102564   18   0.0475024
0.02564102564102564   19   0.0536984
0.028205128205128206   0   0.472327
0.028205128205128206   1   0.366161
0.028205128205128206   2   0.239025
0.028205128205128206   3   0.244077
0.028205128205128206   4   0.174952
0.028205128205128206   5   0.189128
0.028205128205128206   6   0.13823
0.028205128205128206   7   0.15269
0.028205128205128206   8   0.112293
0.028205128205128206   9   0.125315
0.028205128205128206   10   0.0923689
0.028205128205128206   11   0.103649
0.028205128205128206   12   0.0764515
0.028205128205128206   13   0.0860686
0.028205128205128206   14   0.0634753
0.028205128205128206   15   0.0716167
0.028205128205128206   16   0.0527775
0.028205128205128206   17   0.0596484
0.028205128205128206   18   0.0438978
0.028205128205128206   19   0.0496932
0.03076923076923077   0   0.472257
0.03076923076923077   1   0.368426
0.03076923076923077   2   0.238269
0.03076923076923077   3   0.244683
0.03076923076923077   4   0.173336
0.03076923076923077   5   0.188231
0.03076923076923077   6   0.135857
0.03076923076923077   7   0.150618
0.03076923076923077   8   0.109353
0.03076923076923077   9   0.122403
0.03076923076923077   10   0.0890606
0.03076923076923077   11   0.10019
0.03076923076923077   12   0.0729508
0.03076923076923077   13   0.0823054
0.03076923076923077   14   0.0599256
0.03076923076923077   15   0.067737
0.03076923076923077   16   0.0492896
0.03076923076923077   17   0.0557941
0.03076923076923077   18   0.0405533
0.03076923076923077   19   0.0459665
0.03333333333333333   0   0.472185
0.03333333333333333   1   0.370597
0.03333333333333333   2   0.237483
0.03333333333333333   3   0.245153
0.03333333333333333   4   0.171688
0.03333333333333333   5   0.187207
0.03333333333333333   6   0.133475
0.03333333333333333   7   0.148462
0.03333333333333333   8   0.106446
0.03333333333333333   9   0.119468
0.03333333333333333   10   0.0858358
0.03333333333333333   11   0.0967796
0.03333333333333333   12   0.0695844
0.03333333333333333   13   0.078658
0.03333333333333333   14   0.0565565
0.03333333333333333   15   0.0640345
0.03333333333333333   16   0.046021
0.03333333333333333   17   0.0521679
0.03333333333333333   18   0.0374575
0.03333333333333333   19   0.0425078
0.035897435897435895   0   0.472111
0.035897435897435895   1   0.372679
0.035897435897435895   2   0.23667
0.035897435897435895   3   0.2455
0.035897435897435895   4   0.170014
0.035897435897435895   5   0.186073
0.035897435897435895   6   0.131094
0.035897435897435895   7   0.146241
0.035897435897435895   8   0.103582
0.035897435897435895   9   0.11653
0.035897435897435895   10   0.0827017
0.035897435897435895   11   0.093431
0.035897435897435895   12   0.0663552
0.035897435897435895   13   0.0751355
0.035897435897435895   14   0.053366
0.035897435897435895   15   0.0605113
0.035897435897435895   16   0.0429642
0.035897435897435895   17   0.0487649
0.035897435897435895   18   0.0345972
0.035897435897435895   19   0.0393042
0.038461538461538464   0   0.472036
0.038461538461538464   1   0.374681
0.038461538461538464   2   0.235832
0.038461538461538464   3   0.245737
0.038461538461538464   4   0.16832
0.038461538461538464   5   0.184845
0.038461538461538464   6   0.12872
0.038461538461538464   7   0.14397
0.038461538461538464   8   0.100767
0.038461538461538464   9   0.113602
0.038461538461538464   10   0.079662
0.038461538461538464   11   0.0901551
0.038461538461538464   12   0.0632642
0.038461538461538464   13   0.0717432
0.038461538461538464   14   0.0503503
0.038461538461538464   15   0.0571665
0.038461538461538464   16   0.0401095
0.038461538461538464   17   0.0455771
0.038461538461538464   18   0.0319577
0.038461538461538464   19   0.0363412
0.041025641025641026   0   0.471959
0.041025641025641026   1   0.376607
0.041025641025641026   2   0.234973
0.041025641025641026   3   0.245871
0.041025641025641026   4   0.16661
0.041025641025641026   5   0.183533
0.041025641025641026   6   0.12636
0.041025641025641026   7   0.141663
0.041025641025641026   8   0.0980056
0.041025641025641026   9   0.110697
0.041025641025641026   10   0.0767196
0.041025641025641026   11   0.0869601
0.041025641025641026   12   0.0603096
0.041025641025641026   13   0.0684836
0.041025641025641026   14   0.0475027
0.041025641025641026   15   0.0539962
0.041025641025641026   16   0.0374465
0.041025641025641026   17   0.0425944
0.041025641025641026   18   0.0295238
0.041025641025641026   19   0.0336032
0.04358974358974359   0   0.47188
0.04358974358974359   1   0.378463
0.04358974358974359   2   0.234094
0.04358974358974359   3   0.245912
0.04358974358974359   4   0.164888
0.04358974358974359   5   0.18215
0.04358974358974359   6   0.124016
0.04358974358974359   7   0.139331
0.04358974358974359   8   0.0953012
0.04358974358974359   9   0.107822
0.04358974358974359   10   0.0738747
0.04358974358974359   11   0.0838506
0.04358974358974359   12   0.0574884
0.04358974358974359   13   0.0653567
0.04358974358974359   14   0.0448164
0.04358974358974359   15   0.0509952
0.04358974358974359   16   0.0349636
0.04358974358974359   17   0.0398065
0.04358974358974359   18   0.0272805
0.04358974358974359   19   0.0310749
0.046153846153846156   0   0.471799
0.046153846153846156   1   0.380252
0.046153846153846156   2   0.233197
0.046153846153846156   3   0.245868
0.046153846153846156   4   0.163158
0.046153846153846156   5   0.180704
0.046153846153846156   6   0.121695
0.046153846153846156   7   0.136983
0.046153846153846156   8   0.0926565
0.046153846153846156   9   0.104985
0.046153846153846156   10   0.0711273
0.046153846153846156   11   0.0808302
0.046153846153846156   12   0.054797
0.046153846153846156   13   0.0623616
0.046153846153846156   14   0.0422842
0.046153846153846156   15   0.0481578
0.046153846153846156   16   0.0326502
0.046153846153846156   17   0.0372029
0.046153846153846156   18   0.025214
0.046153846153846156   19   0.0287415
0.04871794871794872   0   0.471717
0.04871794871794872   1   0.381981
0.04871794871794872   2   0.232284
0.04871794871794872   3   0.245745
0.04871794871794872   4   0.161422
0.04871794871794872   5   0.179204
0.04871794871794872   6   0.119397
0.04871794871794872   7   0.134626
0.04871794871794872   8   0.0900727
0.04871794871794872   9   0.102191
0.04871794871794872   10   0.0684763
0.04871794871794872   11   0.0779007
0.04871794871794872   12   0.0522311
0.04871794871794872   13   0.0594957
0.04871794871794872   14   0.0398982
0.04871794871794872   15   0.0454768
0.04871794871794872   16   0.0304951
0.04871794871794872   17   0.0347724
0.04871794871794872   18   0.0233104
0.04871794871794872   19   0.0265886
0.05128205128205128   0   0.471633
0.05128205128205128   1   0.383651
0.05128205128205128   2   0.231356
0.05128205128205128   3   0.24555
0.05128205128205128   4   0.159683
0.05128205128205128   5   0.177658
0.05128205128205128   6   0.117126
0.05128205128205128   7   0.132269
0.05128205128205128   8   0.0875509
0.05128205128205128   9   0.0994462
0.05128205128205128   10   0.0659202
0.05128205128205128   11   0.0750636
0.05128205128205128   12   0.0497862
0.05128205128205128   13   0.0567561
0.05128205128205128   14   0.0376507
0.05128205128205128   15   0.0429453
0.05128205128205128   16   0.0284878
0.05128205128205128   17   0.0325042
0.05128205128205128   18   0.0215566
0.05128205128205128   19   0.0246023
0.05384615384615385   0   0.471548
0.05384615384615385   1   0.385266
0.05384615384615385   2   0.230415
0.05384615384615385   3   0.245288
0.05384615384615385   4   0.157944
0.05384615384615385   5   0.176071
0.05384615384615385   6   0.114883
0.05384615384615385   7   0.129916
0.05384615384615385   8   0.0850913
0.05384615384615385   9   0.0967525
0.05384615384615385   10   0.063457
0.05384615384615385   11   0.0723184
0.05384615384615385   12   0.0474573
0.05384615384615385   13   0.0541389
0.05384615384615385   14   0.035534
0.05384615384615385   15   0.0405559
0.05384615384615385   16   0.0266184
0.05384615384615385   17   0.0303881
0.05384615384615385   18   0.019941
0.05384615384615385   19   0.0227699
0.05641025641025641   0   0.471462
0.05641025641025641   1   0.38683
0.05641025641025641   2   0.229461
0.05641025641025641   3   0.244964
0.05641025641025641   4   0.156206
0.05641025641025641   5   0.17445
0.05641025641025641   6   0.112671
0.05641025641025641   7   0.127572
0.05641025641025641   8   0.0826941
0.05641025641025641   9   0.0941124
0.05641025641025641   10   0.0610843
0.05641025641025641   11   0.0696646
0.05641025641025641   12   0.0452395
0.05641025641025641   13   0.0516403
0.05641025641025641   14   0.0335408
0.05641025641025641   15   0.0383017
0.05641025641025641   16   0.0248772
0.05641025641025641   17   0.0284142
0.05641025641025641   18   0.0184523
0.05641025641025641   19   0.0210793
0.05897435897435897   0   0.471374
0.05897435897435897   1   0.388345
0.05897435897435897   2   0.228496
0.05897435897435897   3   0.244582
0.05897435897435897   4   0.154471
0.05897435897435897   5   0.1728
0.05897435897435897   6   0.11049
0.05897435897435897   7   0.125241
0.05897435897435897   8   0.080359
0.05897435897435897   9   0.0915283
0.05897435897435897   10   0.0587997
0.05897435897435897   11   0.0671011
0.05897435897435897   12   0.0431281
0.05897435897435897   13   0.0492561
0.05897435897435897   14   0.0316641
0.05897435897435897   15   0.0361753
0.05897435897435897   16   0.0232554
0.05897435897435897   17   0.026573
0.05897435897435897   18   0.0170803
0.05897435897435897   19   0.0195195
0.06153846153846154   0   0.471285
0.06153846153846154   1   0.389813
0.06153846153846154   2   0.227521
0.06153846153846154   3   0.244148
0.06153846153846154   4   0.15274
0.06153846153846154   5   0.171125
0.06153846153846154   6   0.108341
0.06153846153846154   7   0.122928
0.06153846153846154   8   0.0780855
0.06153846153846154   9   0.0890015
0.06153846153846154   10   0.0566007
0.06153846153846154   11   0.0646267
0.06153846153846154   12   0.0411184
0.06153846153846154   13   0.046982
0.06153846153846154   14   0.0298971
0.06153846153846154   15   0.0341701
0.06153846153846154   16   0.0217446
0.06153846153846154   17   0.0248556
0.06153846153846154   18   0.0158156
0.06153846153846154   19   0.0180801
0.0641025641025641   0   0.471194
0.0641025641025641   1   0.391237
0.0641025641025641   2   0.226536
0.0641025641025641   3   0.243663
0.0641025641025641   4   0.151016
0.0641025641025641   5   0.169429
0.0641025641025641   6   0.106225
0.0641025641025641   7   0.120634
0.0641025641025641   8   0.0758729
0.0641025641025641   9   0.0865326
0.0641025641025641   10   0.0544846
0.0641025641025641   11   0.0622395
0.0641025641025641   12   0.0392055
0.0641025641025641   13   0.0448134
0.0641025641025641   14   0.0282332
0.0641025641025641   15   0.0322792
0.0641025641025641   16   0.020337
0.0641025641025641   17   0.0232537
0.0641025641025641   18   0.0146494
0.0641025641025641   19   0.0167516
0.06666666666666667   0   0.471102
0.06666666666666667   1   0.392619
0.06666666666666667   2   0.225543
0.06666666666666667   3   0.243133
0.06666666666666667   4   0.149298
0.06666666666666667   5   0.167716
0.06666666666666667   6   0.104143
0.06666666666666667   7   0.118363
0.06666666666666667   8   0.07372
0.06666666666666667   9   0.0841221
0.06666666666666667   10   0.0524485
0.06666666666666667   11   0.0599372
0.06666666666666667   12   0.0373848
0.06666666666666667   13   0.042746
0.06666666666666667   14   0.0266662
0.06666666666666667   15   0.0304962
0.06666666666666667   16   0.019025
0.06666666666666667   17   0.0217591
0.06666666666666667   18   0.0135735
0.06666666666666667   19   0.0155249
0.06923076923076923   0   0.471009
0.06923076923076923   1   0.393961
0.06923076923076923   2   0.224543
0.06923076923076923   3   0.242559
0.06923076923076923   4   0.147588
0.06923076923076923   5   0.16599
0.06923076923076923   6   0.102094
0.06923076923076923   7   0.116116
0.06923076923076923   8   0.0716263
0.06923076923076923   9   0.0817703
0.06923076923076923   10   0.0504898
0.06923076923076923   11   0.0577179
0.06923076923076923   12   0.035652
0.06923076923076923   13   0.0407755
0.06923076923076923   14   0.0251905
0.06923076923076923   15   0.0288151
0.06923076923076923   16   0.0178021
0.06923076923076923   17   0.0203646
0.06923076923076923   18   0.0125807
0.06923076923076923   19   0.0143921
0.07179487179487179   0   0.470915
0.07179487179487179   1   0.395264
0.07179487179487179   2   0.223535
0.07179487179487179   3   0.241946
0.07179487179487179   4   0.145887
0.07179487179487179   5   0.164252
0.07179487179487179   6   0.10008
0.07179487179487179   7   0.113896
0.07179487179487179   8   0.0695904
0.07179487179487179   9   0.079477
0.07179487179487179   10   0.0486058
0.07179487179487179   11   0.0555794
0.07179487179487179   12   0.0340029
0.07179487179487179   13   0.0388976
0.07179487179487179   14   0.0238005
0.07179487179487179   15   0.0272299
0.07179487179487179   16   0.0166619
0.07179487179487179   17   0.0190633
0.07179487179487179   18   0.0116643
0.07179487179487179   19   0.0133457
0.07435897435897436   0   0.470819
0.07435897435897436   1   0.396531
0.07435897435897436   2   0.222521
0.07435897435897436   3   0.241295
0.07435897435897436   4   0.144196
0.07435897435897436   5   0.162507
0.07435897435897436   6   0.0981002
0.07435897435897436   7   0.111703
0.07435897435897436   8   0.0676112
0.07435897435897436   9   0.0772419
0.07435897435897436   10   0.0467939
0.07435897435897436   11   0.0535191
0.07435897435897436   12   0.0324333
0.07435897435897436   13   0.0371081
0.07435897435897436   14   0.0224909
0.07435897435897436   15   0.0257352
0.07435897435897436   16   0.0155985
0.07435897435897436   17   0.0178488
0.07435897435897436   18   0.0108181
0.07435897435897436   19   0.0123789
0.07692307692307693   0   0.470723
0.07692307692307693   1   0.397763
0.07692307692307693   2   0.221501
0.07692307692307693   3   0.240609
0.07692307692307693   4   0.142515
0.07692307692307693   5   0.160756
0.07692307692307693   6   0.0961548
0.07692307692307693   7   0.10954
0.07692307692307693   8   0.0656875
0.07692307692307693   9   0.0750644
0.07692307692307693   10   0.0450513
0.07692307692307693   11   0.0515347
0.07692307692307693   12   0.0309393
0.07692307692307693   13   0.035403
0.07692307692307693   14   0.0212571
0.07692307692307693   15   0.0243257
0.07692307692307693   16   0.0146065
0.07692307692307693   17   0.0167151
0.07692307692307693   18   0.0100364
0.07692307692307693   19   0.0114852
0.07948717948717948   0   0.470625
0.07948717948717948   1   0.39896
0.07948717948717948   2   0.220477
0.07948717948717948   3   0.239891
0.07948717948717948   4   0.140845
0.07948717948717948   5   0.159001
0.07948717948717948   6   0.0942438
0.07948717948717948   7   0.107407
0.07948717948717948   8   0.063818
0.07948717948717948   9   0.0729438
0.07948717948717948   10   0.0433754
0.07948717948717948   11   0.0496238
0.07948717948717948   12   0.0295172
0.07948717948717948   13   0.0337783
0.07948717948717948   14   0.0200943
0.07948717948717948   15   0.0229964
0.07948717948717948   16   0.0136807
0.07948717948717948   17   0.0156564
0.07948717948717948   18   0.00931398
0.07948717948717948   19   0.010659
0.08205128205128205   0   0.470526
0.08205128205128205   1   0.400126
0.08205128205128205   2   0.219447
0.08205128205128205   3   0.239142
0.08205128205128205   4   0.139187
0.08205128205128205   5   0.157244
0.08205128205128205   6   0.092367
0.08205128205128205   7   0.105305
0.08205128205128205   8   0.0620016
0.08205128205128205   9   0.0708795
0.08205128205128205   10   0.0417639
0.08205128205128205   11   0.0477841
0.08205128205128205   12   0.0281635
0.08205128205128205   13   0.0322305
0.08205128205128205   14   0.0189984
0.08205128205128205   15   0.0217427
0.08205128205128205   16   0.0128168
0.08205128205128205   17   0.0146679
0.08205128205128205   18   0.00864626
0.08205128205128205   19   0.00989487
0.08461538461538462   0   0.470426
0.08461538461538462   1   0.40126
0.08461538461538462   2   0.218413
0.08461538461538462   3   0.238365
0.08461538461538462   4   0.137542
0.08461538461538462   5   0.155488
0.08461538461538462   6   0.0905242
0.08461538461538462   7   0.103234
0.08461538461538462   8   0.0602368
0.08461538461538462   9   0.0688704
0.08461538461538462   10   0.0402142
0.08461538461538462   11   0.0460129
0.08461538461538462   12   0.0268746
0.08461538461538462   13   0.0307557
0.08461538461538462   14   0.0179652
0.08461538461538462   15   0.02056
0.08461538461538462   16   0.01201
0.08461538461538462   17   0.0137444
0.08461538461538462   18   0.00802866
0.08461538461538462   19   0.0091879
0.08717948717948718   0   0.470325
0.08717948717948718   1   0.402364
0.08717948717948718   2   0.217376
0.08717948717948718   3   0.237561
0.08717948717948718   4   0.135908
0.08717948717948718   5   0.153734
0.08717948717948718   6   0.0887153
0.08717948717948718   7   0.101196
0.08717948717948718   8   0.0585224
0.08717948717948718   9   0.0669157
0.08717948717948718   10   0.038724
0.08717948717948718   11   0.0443081
0.08717948717948718   12   0.0256474
0.08717948717948718   13   0.0293506
0.08717948717948718   14   0.016991
0.08717948717948718   15   0.0194443
0.08717948717948718   16   0.0112566
0.08717948717948718   17   0.0128816
0.08717948717948718   18   0.00745734
0.08717948717948718   19   0.00853364
0.08974358974358974   0   0.470223
0.08974358974358974   1   0.40344
0.08974358974358974   2   0.216335
0.08974358974358974   3   0.236732
0.08974358974358974   4   0.134288
0.08974358974358974   5   0.151982
0.08974358974358974   6   0.0869399
0.08974358974358974   7   0.09919
0.08974358974358974   8   0.0568572
0.08974358974358974   9   0.0650143
0.08974358974358974   10   0.0372909
0.08974358974358974   11   0.0426673
0.08974358974358974   12   0.0244788
0.08974358974358974   13   0.0280117
0.08974358974358974   14   0.0160721
0.08974358974358974   15   0.0183916
0.08974358974358974   16   0.0105527
0.08974358974358974   17   0.0120753
0.08974358974358974   18   0.00692856
0.08974358974358974   19   0.00792797
0.09230769230769231   0   0.470121
0.09230769230769231   1   0.404487
0.09230769230769231   2   0.215291
0.09230769230769231   3   0.23588
0.09230769230769231   4   0.132681
0.09230769230769231   5   0.150236
0.09230769230769231   6   0.0851977
0.09230769230769231   7   0.097217
0.09230769230769231   8   0.0552398
0.09230769230769231   9   0.0631653
0.09230769230769231   10   0.0359129
0.09230769230769231   11   0.0410883
0.09230769230769231   12   0.023366
0.09230769230769231   13   0.026736
0.09230769230769231   14   0.0152055
0.09230769230769231   15   0.0173982
0.09230769230769231   16   0.00989508
0.09230769230769231   17   0.0113216
0.09230769230769231   18   0.00643909
0.09230769230769231   19   0.00736716
0.09487179487179487   0   0.470017
0.09487179487179487   1   0.405508
0.09487179487179487   2   0.214245
0.09487179487179487   3   0.235006
0.09487179487179487   4   0.131088
0.09487179487179487   5   0.148495
0.09487179487179487   6   0.0834885
0.09487179487179487   7   0.095277
0.09487179487179487   8   0.0536689
0.09487179487179487   9   0.0613674
0.09487179487179487   10   0.0345877
0.09487179487179487   11   0.0395687
0.09487179487179487   12   0.0223061
0.09487179487179487   13   0.0255205
0.09487179487179487   14   0.0143878
0.09487179487179487   15   0.0164608
0.09487179487179487   16   0.00928044
0.09487179487179487   17   0.0106171
0.09487179487179487   18   0.00598581
0.09487179487179487   19   0.00684773
0.09743589743589744   0   0.469912
0.09743589743589744   1   0.406503
0.09743589743589744   2   0.213196
0.09743589743589744   3   0.234111
0.09743589743589744   4   0.129509
0.09743589743589744   5   0.14676
0.09743589743589744   6   0.0818117
0.09743589743589744   7   0.09337
0.09743589743589744   8   0.0521434
0.09743589743589744   9   0.0596195
0.09743589743589744   10   0.0333132
0.09743589743589744   11   0.0381064
0.09743589743589744   12   0.0212965
0.09743589743589744   13   0.0243622
0.09743589743589744   14   0.0136163
0.09743589743589744   15   0.0155759
0.09743589743589744   16   0.00870573
0.09743589743589744   17   0.00995818
0.09743589743589744   18   0.00556588
0.09743589743589744   19   0.00636641
0.1   0   0.469806
0.1   1   0.407472
0.1   2   0.212146
0.1   3   0.233198
0.1   4   0.127944
0.1   5   0.145034
0.1   6   0.080167
0.1   7   0.0914961
0.1   8   0.0506619
0.1   9   0.0579206
0.1   10   0.0320875
0.1   11   0.0366993
0.1   12   0.0203347
0.1   13   0.0232583
0.1   14   0.0128881
0.1   15   0.0147405
0.1   16   0.00816832
0.1   17   0.0093419
0.1   18   0.00517675
0.1   19   0.00592033
