0.82102748
-0.71253919
0.41615058
-0.012044472
-0.39166952
0.68942012
-0.8033242
0.70520224
-0.42364867
0.03601529
0.35234146
-0.64183556
0.75829352
-0.67477543
0.41776609
-0.058959584
-0.30554891
0.5809524
-0.69832019
0.6320835
-0.40546143
0.082647864
0.24959435
-0.50554764
0.62244198
-0.57594987
0.38491513
-0.10454907
-0.18935116
0.42136464
-0.53561931
0.50921599
-0.35620941
0.12233603
0.12874066
-0.33276616
0.4414618
-0.43383949
0.31926965
-0.13367528
-0.071523548
0.24408889
-0.34400626
0.35247976
-0.27502197
0.13794107
0.020147783
-0.15892979
0.2467077
-0.26772891
0.22447816
-0.13419854
0.023313521
0.080085669
-0.15354674
0.18451091
-0.17173321
0.12451693
-0.058070324
-0.010754545
0.067802972
-0.1037536
0.11607198
-0.10695564
0.081711665
-0.046498408
0.0076870604
0.029860076
-0.062070777
0.08527238
-0.096069063
0.091607268
-0.070966125
0.034440149
0.012659215
-0.061671343
0.10229243
-0.1245408
0.12021216
-0.087310604
0.031283994
0.03601442
-0.098674408
0.14123599
-0.15198743
0.12627691
-0.068489147
-0.0084072607
0.085419601
-0.14329723
0.16742142
-0.15078645
0.096554019
-0.018041608
-0.065215711
0.13247333
-0.16709106
0.16028098
-0.11389492
0.039982732
0.042345382
-0.11263132
0.15379647
-0.15630164
0.12059481
-0.057096655
-0.017368209
0.084473338
-0.12834146
0.1396079
-0.11729155
0.069132016
-0.0082422249
-0.050457934
0.093288807
-0.11225506
0.10475056
-0.075003262
0.031888445
0.013887617
-0.052462693
0.076834101
-0.083546824
0.073542871
-0.05074734
0.020920933
0.010697066
-0.038538841
0.058439087
-0.067738602
0.065326651
-0.051770062
0.028634133
0.00055185584
-0.03105094
0.057246683
-0.073732951
0.076855167
-0.063960223
0.036104584
0.0018268554
-0.04204894
0.075107771
-0.092826838
0.089752198
-0.065050216
0.023557079
0.025526928
-0.070410073
0.099708096
-0.10570061
0.085834605
-0.044265397
-0.0088156803
0.060203371
-0.097232035
0.1106316
-0.096937429
0.05924404
-0.0077272854
-0.044705668
0.08514135
-0.1039574
0.097196104
-0.067134602
0.021678696
0.027214906
-0.067399494
0.089559812
-0.089529028
0.068417772
-0.032633081
-0.0081642136
0.043955604
-0.066896638
0.073459047
-0.063340195
0.040417553
-0.011169182
-0.01736676
0.039565561
-0.051622584
0.052621906
-0.043775893
0.027994747
-0.0086792473
-0.011242999
0.028201419
-0.039856684
0.04467016
-0.041895871
0.031523567
-0.015055112
-0.005017355
0.025139327
-0.041445883
0.050127714
-0.048512543
0.036042058
-0.014652235
-0.011381809
0.036141794
-0.053538278
0.05905287
-0.050515842
0.029357696
-0.00039929552
-0.029103723
0.051861277
-0.062111463
0.056992828
-0.037620187
0.0091437629
0.02097467
-0.045144463
0.05750915
-0.055132082
0.039037619
-0.014073562
-0.012894945
0.034921992
-0.046802536
0.046205132
-0.034266412
0.015147478
0.0056050495
-0.022531102
0.031764205
-0.032066386
0.024706856
-0.012762944
0.00018323541
0.0095564213
-0.014582318
0.015029944
-0.012058233
0.0077543918
-0.0041624467
0.0024179266
-0.0021716
0.0023072005
-0.0014929644
-0.0012618267
0.0060360884
-0.011714154
0.016092917
-0.017096844
0.013479978
-0.0052511746
-0.0060581027
0.017385975
-0.025437328
0.027441306
-0.02223532
0.010694462
0.0044806885
-0.019349648
0.02976955
-0.032718126
0.027161453
-0.014526592
-0.0018390605
0.017633591
-0.028659804
0.032053123
-0.027122654
0.015917741
-0.0015303442
-0.012242124
0.021904589
-0.025318996
0.02238971
-0.014567776
0.0045009002
0.0049775437
-0.011689839
0.014596765
-0.013915457
0.010847287
-0.0068813426
0.0033142227
-0.00062431183
-0.0013957389
0.003354381
-0.0057865193
0.0087237058
-0.01154987
0.012910347
-0.011640452
0.007048311
0.00058583976
-0.0097997347
0.01810757
-0.022852122
0.022140609
-0.015357985
0.003606033
0.010272131
-0.022400477
0.029323722
-0.028788022
0.020482417
-0.0062866231
-0.0099619254
0.023815853
-0.03151508
0.030868182
-0.021949173
0.007263046
0.0091356657
-0.022706874
0.029785457
-0.02862127
0.019947591
-0.0064729049
-0.007875861
0.019070254
-0.024221652
0.022423904
-0.01495481
0.0042552391
0.0063022717
-0.013717308
0.016210699
-0.013812346
0.0079693593
-0.00093394558
-0.0049268794
0.0079013339
-0.007494444
0.0044896531
-0.00051071607
-0.0027154975
0.0039526709
-0.0027573622
-0.00024452774
0.0037590688
-0.0061380579
0.0062138208
-0.0036936672
-0.00068643144
0.0055649931
-0.0092729559
0.01044463
-0.0084815627
0.0038843157
0.0017600743
-0.0069729025
0.010279843
-0.010766361
0.0084210226
-0.0041888792
-0.00065339255
0.0047625213
-0.0071449904
0.0074499209
-0.0061415297
0.0040908891
-0.0020191052
0.00041620625
0.00045198331
-0.00091205375
0.0015678512
-0.0028848078
0.0048495894
-0.0069108754
0.0082021252
-0.007737621
0.0049069877
0.00026034201
-0.0068724388
0.013202871
-0.017086644
0.017034203
-0.012378278
0.0036490226
0.0073297752
-0.017639541
0.02403001
-0.024706797
0.019083871
-0.0081027118
-0.0057435269
0.018868932
-0.027692414
0.029844214
-0.024700823
0.013367563
0.0015009327
-0.016262139
0.027158737
-0.031569376
0.028477664
-0.018772129
0.0048810902
0.0098527489
-0.021941425
0.028727116
-0.028997582
0.023016
-0.012472803
-0.00011717102
0.012025626
-0.020941799
0.025491501
-0.024982
0.019893099
-0.011398669
0.0011078951
0.009308409
-0.018359978
0.024337599
-0.026038141
0.023026375
-0.015500958
0.0044583732
0.0083307824
-0.020314934
0.028859922
-0.031835502
0.028245916
-0.018219762
0.0034609844
0.013058178
-0.027574655
0.036538853
-0.037613048
0.030111565
-0.015377739
-0.0034759573
0.022035474
-0.035745852
0.041501109
-0.03786009
0.025525175
-0.0073473883
-0.012364412
0.029089228
-0.039165878
0.040472442
-0.032860722
0.018263918
-0.00016392727
-0.017462205
0.03087489
-0.037483383
0.036109319
-0.027417336
0.013510355
0.0026432015
-0.017885975
0.029331594
-0.034908365
0.033726657
-0.026157308
0.013702472
0.0015203497
-0.016816575
0.029163852
-0.036085275
0.036159219
-0.029101451
0.015978977
0.0014127735
-0.019214135
0.03366545
-0.04169108
0.041099409
-0.031462401
0.014382244
0.0065865503
-0.0266885
0.041572457
-0.047706751
0.043371496
-0.029139815
0.007842322
0.015581558
-0.035681734
0.048101585
-0.049922386
0.040536721
-0.021857992
-0.0017793176
0.024853534
-0.04236676
0.050498635
-0.047462008
0.033952177
-0.012998234
-0.010467265
0.031260338
-0.045057657
0.049089248
-0.042649733
0.027164977
-0.0061582019
-0.015747212
0.034073108
-0.045255197
0.046980992
-0.038884265
0.022643916
-0.0016810855
-0.019696638
0.037029347
-0.046906471
0.047096516
-0.037242117
0.019068697
0.0034806703
-0.025554374
0.042635096
-0.050903249
0.048162597
-0.034335223
0.01271921
0.011956042
-0.034430401
0.049682045
-0.054047294
0.045932802
-0.027193097
0.0023586214
0.023061612
-0.043402373
0.054042869
-0.052387735
0.038382074
-0.015766392
-0.0099958414
0.03327465
-0.048891102
0.053320937
-0.045330807
0.026940435
-0.0032572192
-0.02050142
0.039271899
-0.048971977
0.047530862
-0.03533446
0.015614269
0.0067220434
-0.026980803
0.040907755
-0.045815573
0.040499096
-0.025972575
0.0062697775
0.014052729
-0.031012502
0.041027887
-0.042087756
0.033699537
-0.017688346
-0.0017291531
0.020500725
-0.034575319
0.041046773
-0.038445316
0.026844736
-0.0090069873
-0.010349905
0.027358646
-0.038218165
0.040534608
-0.033296803
0.017445282
0.0014784317
-0.019837574
0.033537438
-0.039513965
0.036244023
-0.023765253
0.0060189947
0.012243392
-0.027372821
0.035954761
-0.03602247
0.027564454
-0.012497489
-0.0048213799
0.020421304
-0.030891612
0.033911091
-0.028917609
0.017152981
-0.0016720504
-0.013445849
0.024930791
-0.030301903
0.028447776
-0.020026197
0.0068802145
0.0075302594
-0.019779371
0.027109433
-0.027890183
0.022129153
-0.011296023
-0.0021083685
0.014714228
-0.02370863
0.027015276
-0.023937794
0.015250181
-0.0026817478
-0.010577909
0.021222143
-0.026788242
0.025898673
-0.018856997
0.0071962479
0.0063521228
-0.018292044
0.025849041
-0.027168031
0.021939462
-0.011543323
-0.0015915235
0.014349005
-0.023640952
0.027278973
-0.024386022
0.015747213
-0.0035144832
-0.0092766819
0.019845211
-0.025758273
0.025686526
-0.019634517
0.0092666868
0.0030721827
-0.014597524
0.022793628
-0.025783826
0.022915854
-0.014900481
0.0037410652
0.0082876878
-0.01853033
0.024680875
-0.025338935
0.020288084
-0.010730139
-0.0011546255
0.012834893
-0.021816016
0.026110967
-0.024704686
0.017790468
-0.0069327582
-0.0054947665
0.016783658
-0.024577855
0.027135095
-0.02380586
0.015166289
-0.0031834129
-0.0096213102
0.020494726
-0.027106796
0.027971654
-0.022767432
0.012488443
0.00072087213
-0.013971327
0.024405666
-0.029715483
0.028684743
-0.021396509
0.0092485397
0.0052801537
-0.01885653
0.028528464
-0.032167121
0.02888454
-0.019231784
0.0050431497
0.010602983
-0.024114486
0.032546206
-0.034010168
0.028063124
-0.015839801
-0.00013518886
0.016382913
-0.029148395
0.035643001
-0.034395632
0.025612187
-0.010928325
-0.0064477862
0.022492702
-0.033622462
0.037421202
-0.033035202
0.021385087
-0.0047937302
-0.013082571
0.027936232
-0.036603904
0.037205147
-0.029647944
0.015604881
0.0021271643
-0.019199646
0.031904688
-0.037506479
0.03482919
-0.024541874
0.0088157433
0.0089108252
-0.024334758
0.034202094
-0.036428606
0.030643338
-0.018239617
0.0019032215
0.014522659
-0.027441016
0.034096108
-0.033139266
0.024937127
-0.011357323
-0.0045124943
0.018894007
-0.02879681
0.032129547
-0.028325681
0.018422108
-0.0046651536
-0.009706273
0.02150103
-0.02822826
0.028558009
-0.022605004
0.011870037
0.0011229304
-0.013334019
0.022194143
-0.025859008
0.023706319
-0.016450688
0.0058087105
0.0057044275
-0.015492829
0.021495628
-0.022530304
0.018568332
-0.010724948
0.00081747276
0.0088633458
-0.016203264
0.019649257
-0.018589899
0.013507107
-0.0056837421
-0.0030767082
0.010767646
-0.015767731
0.017027726
-0.014422562
0.0087866292
-0.0013210843
-0.0061178594
0.011912471
-0.014768913
0.014111564
-0.010208436
0.0041501258
0.0028627036
-0.0089060444
0.012745319
-0.013447344
0.010875339
-0.0056887042
-0.0008698876
0.0072045516
-0.011665539
0.013248458
-0.01151745
0.0068278537
-0.0002881426
-0.0065045877
0.01169405
-0.013990173
0.012805809
-0.0083334883
0.0015015929
0.005918299
-0.012193449
0.01544645
-0.014973172
0.010718646
-0.0035608337
-0.0048745014
0.012372669
-0.017093282
0.017776078
-0.014087344
0.0067633496
0.0025810156
-0.011694952
0.018185614
-0.020505505
0.017956227
-0.010946844
0.00097029514
0.0095284123
-0.017914012
0.02216992
-0.021349049
0.015415616
-0.0055684263
-0.005920428
0.016238998
-0.022880925
0.0243372
-0.020113611
0.010994836
0.0010191529
-0.012869765
0.021701836
-0.025778531
0.023994328
-0.016585153
0.0050898304
0.0077939423
-0.018952211
0.025930722
-0.027220627
0.022314175
-0.012202757
-0.00090577901
0.013617237
-0.023264341
0.027854152
-0.02634965
0.018924349
-0.0071059241
-0.006441071
0.018468664
-0.02662316
0.029077775
-0.025227113
0.015781513
-0.0026861178
-0.011126205
0.022635098
-0.029440972
0.029997724
-0.024097218
0.012879688
0.0013091559
-0.01529778
0.026188085
-0.03164289
0.030397066
-0.022602163
0.0098150326
0.0052684711
-0.01930438
0.029442071
-0.033443789
0.030371637
-0.020758876
0.0065461134
0.009278288
-0.023262924
0.032449945
-0.034904474
0.029979875
-0.018606697
0.0030824001
0.013315425
-0.026999375
0.035072296
-0.03585091
0.029035314
-0.015959475
-0.00071228146
0.017358682
-0.030385868
0.037100683
-0.036048224
0.02735025
-0.012742681
-0.0047681127
0.021293517
-0.033363437
0.038486887
-0.035549606
0.025077224
-0.0091822302
-0.0087940523
0.024900364
-0.035738621
0.039164864
-0.034357948
0.022267481
-0.0053355444
-0.012823065
0.028284052
-0.037769441
0.039357092
-0.032670269
0.019059469
-0.0012253073
-0.016846488
0.031340924
-0.03924655
0.038884986
-0.030350405
0.01537122
0.0030495139
-0.020852415
0.034218935
-0.040348707
0.037959446
-0.027577826
0.01138643
0.0072340859
-0.024264743
0.036121701
-0.040336663
0.036066489
-0.024225226
0.0073681192
0.010939241
-0.026839937
0.03703253
-0.039376985
0.033428591
-0.020570802
0.0036291121
0.013826524
-0.028280716
0.036702826
-0.037363609
0.030203579
-0.016776016
0.00015716163
0.016316733
-0.02923887
0.035923955
-0.035037865
0.026877759
-0.013306455
-0.0027291061
0.018063472
-0.029422559
0.034495969
-0.032307836
0.023455248
-0.01005473
-0.0052170004
0.019180699
-0.028947075
0.032548886
-0.029346005
0.020215202
-0.0072176712
-0.0070611228
0.019637303
-0.027923331
0.030275993
-0.026355285
0.017218761
-0.0048476363
-0.0083119636
0.019505506
-0.026437032
0.027769742
-0.023418247
0.014512294
-0.0028657979
-0.0091310877
0.01895299
-0.024610759
0.025092568
-0.020531536
0.012032982
-0.0012760269
-0.0094547795
0.017927741
-0.022464148
0.02232792
-0.017785711
0.0098611703
-0.00013689445
-0.0093077957
0.016514736
-0.02009807
0.019574129
-0.015282005
0.0080829741
0.00052651248
-0.0086971471
0.014755499
-0.017593686
