0.54412433
-0.46784064
0.26371228
0.0032386208
-0.25139689
0.41121821
-0.44759979
0.36779439
-0.21308861
0.039204776
0.10546694
-0.19479459
0.22795897
-0.2214038
0.19527179
-0.16169841
0.12047488
-0.063322897
-0.016470878
0.11484333
-0.21344726
0.28408286
-0.29929702
0.24420661
-0.12431203
-0.034281219
0.19235128
-0.309732
0.35732952
-0.32478837
0.22182684
-0.073767162
-0.086323004
0.22568231
-0.31805098
0.34732996
-0.30894585
0.20989807
-0.067898763
-0.090787188
0.23491642
-0.33396265
0.36497819
-0.31877205
0.20343023
-0.043331423
-0.12610649
0.2673271
-0.349865
0.35739286
-0.29075693
0.16668207
-0.012771913
-0.13957393
0.26104798
-0.32946593
0.33300045
-0.27171971
0.15763749
-0.012637103
-0.1351285
0.25576882
-0.32449073
0.32693869
-0.26274605
0.14631344
-0.0027512895
-0.13822907
0.24851155
-0.30761743
0.30636397
-0.24743028
0.14372628
-0.015021655
-0.11609501
0.22648537
-0.29610202
0.31105748
-0.26641775
0.1680852
-0.033172801
-0.112557
0.23886823
-0.31830254
0.33271909
-0.27802645
0.16544271
-0.018956191
-0.13075272
0.25316373
-0.32422384
0.33073916
-0.27217298
0.16003827
-0.015486606
-0.13423887
0.25954934
-0.33471993
0.34296009
-0.28042818
0.15817871
-0.0012126636
-0.15735394
0.28312318
-0.34850338
0.3396027
-0.25958741
0.12736259
0.027413675
-0.17250228
0.27921609
-0.32816083
0.31205193
-0.23611494
0.11659509
0.023648886
-0.1590543
0.2640137
-0.31797942
0.3094623
-0.23900866
0.12012416
0.023105193
-0.16156696
0.26675975
-0.31715335
0.30334596
-0.22957785
0.11201073
0.025058279
-0.15553355
0.25507173
-0.30566381
0.29842596
-0.23446021
0.12486441
0.011363488
-0.14871748
0.25985096
-0.32135609
0.31878664
-0.25047668
0.12894851
0.021622994
-0.16927899
0.28226341
-0.33662102
0.32134549
-0.24045039
0.11168164
0.03833506
-0.17970616
0.28465631
-0.33302648
0.31542746
-0.2347371
0.10627246
0.045102569
-0.18898719
0.29564291
-0.34205889
0.31751946
-0.22646629
0.088311487
0.067299955
-0.20718539
0.30206943
-0.33310937
0.29570089
-0.19988162
0.067281121
0.074659882
-0.19864655
0.2817335
-0.30933018
0.2773634
-0.19265818
0.071832499
0.062370148
-0.18443941
0.2706301
-0.30386656
0.27744076
-0.19658552
0.077715069
0.055797505
-0.17786451
0.26513433
-0.30147286
0.28050339
-0.20644223
0.092824715
0.040164397
-0.1687964
0.26877771
-0.31971149
0.30901279
-0.23495918
0.10874523
0.046326231
-0.19829077
0.31311287
-0.36313326
0.33413832
-0.23019728
0.073768868
0.10011038
-0.25164981
0.34613166
-0.36283536
0.29977546
-0.173646
0.015039949
0.14019829
-0.25904854
0.31867073
-0.31053386
0.24102442
-0.12866209
-0.0012113464
0.12269451
-0.21426997
0.2623088
-0.26214148
0.21758009
-0.13869365
0.039230549
0.065987421
-0.16175536
0.23374799
-0.269489
0.25990971
-0.20142538
0.098889443
0.033059373
-0.17028225
0.28295339
-0.34205563
0.32781128
-0.23687694
0.085707856
0.092159527
-0.25368705
0.35812359
-0.37874342
0.31063565
-0.17221916
-0.00048667617
0.16512161
-0.28434046
0.33506956
-0.31275261
0.22989241
-0.10996968
-0.020031094
0.13678977
-0.22336198
0.26940589
-0.27060899
0.22733187
-0.14449004
0.032462869
0.091882694
-0.2061738
0.28613064
-0.31127197
0.27118442
-0.17026566
0.028408172
0.12294465
-0.2488572
0.32015345
-0.32105688
0.25307323
-0.13386481
-0.0082087598
0.14277761
-0.24380308
0.29391896
-0.28699988
0.22743
-0.12792442
0.0066769408
0.11598162
-0.21896441
0.2834786
-0.29599363
0.25121672
-0.1545552
0.022676669
0.11884906
-0.24024033
0.31417781
-0.32284746
0.2625888
-0.14522582
-0.0034956417
0.15107533
-0.2657288
0.32331339
-0.3127227
0.23817384
-0.1171897
-0.023880553
0.15678729
-0.25624839
0.30430234
-0.2930668
0.22577706
-0.11565458
-0.016856886
0.14695153
-0.24969335
0.30459941
-0.2995916
0.23413055
-0.12000187
-0.020644398
0.15857501
-0.26447553
0.31562099
-0.30085532
0.22355627
-0.10108814
-0.039889528
0.1698419
-0.26266685
0.30109706
-0.27963885
0.20480813
-0.093026123
-0.033937735
0.15324046
-0.24350676
0.28846647
-0.27942504
0.21685038
-0.11089465
-0.019717867
0.15011875
-0.25375796
0.30786976
-0.29935171
0.2281484
-0.10814139
-0.035686808
0.17236303
-0.27281022
0.3162253
-0.29446611
0.21337851
-0.090965751
-0.047743821
0.17573192
-0.26862373
0.30911409
-0.28947188
0.21278765
-0.092862286
-0.047999992
0.18189358
-0.28092905
0.32333387
-0.29856397
0.21037164
-0.07700236
-0.072601927
0.20575852
-0.29364903
0.31825798
-0.27641152
0.17951174
-0.049957873
-0.084763982
0.19838591
-0.27038937
0.28941443
-0.25411086
0.17240936
-0.059739308
-0.06394903
0.17657863
-0.25714064
0.28957921
-0.26610536
0.18950592
-0.073648675
-0.058937164
0.18156211
-0.26871891
0.3020419
-0.27446532
0.19163929
-0.070528675
-0.064676354
0.18753588
-0.27412618
0.30745762
-0.28055815
0.19750992
-0.073022509
-0.06947302
0.20129544
-0.29477989
0.32871795
-0.29371068
0.19537779
-0.054006534
-0.10013355
0.23296097
-0.31487052
0.32820605
-0.27127178
0.15851109
-0.016563737
-0.12367016
0.233569
-0.29265188
0.29227327
-0.23602468
0.13751272
-0.01685895
-0.10404005
0.20415098
-0.26610316
0.27890402
-0.23969801
0.15452215
-0.038338957
-0.087591478
0.19886654
-0.27272398
0.29320552
-0.25491675
0.16441141
-0.039537327
-0.094669923
0.21090582
-0.28543378
0.3028232
-0.25912769
0.16279875
-0.032977771
-0.10474602
0.22246719
-0.29582467
0.30911023
-0.25880564
0.15472664
-0.018204269
-0.12205754
0.23659355
-0.30161385
0.30408702
-0.24452944
0.13648012
-0.0034475831
-0.1279507
0.23220156
-0.28978173
0.29040456
-0.2345989
0.13328475
-0.0060624204
-0.12317795
0.22920764
-0.29074791
0.29466675
-0.23901379
0.13386359
-0.00020466004
-0.13415626
0.24100199
-0.29791698
0.29315627
-0.22844518
0.11822444
0.013820388
-0.14062697
0.23733494
-0.28591745
0.27826381
-0.21712634
0.1148845
0.0087631797
-0.13087943
0.22833071
-0.28230029
0.28173822
-0.22545417
0.12321398
0.0055097467
-0.13515832
0.2388525
-0.2946993
0.29044739
-0.22651587
0.11606926
0.01791027
-0.14765566
0.24673249
-0.29547368
0.28481805
-0.21768077
0.10797926
0.022481067
-0.14826473
0.24499778
-0.2937314
0.28459972
-0.21866906
0.10833559
0.025042751
-0.15469634
0.25408093
-0.30237281
0.28894412
-0.21605146
0.098456615
0.039344687
-0.16856046
0.26249829
-0.30208411
0.27984847
-0.20123431
0.083303253
0.049484474
-0.1705321
0.25627268
-0.29054138
0.26757742
-0.1927231
0.081052305
0.045822949
-0.16352512
0.24930517
-0.28658321
0.26781273
-0.19616802
0.085148702
0.043741876
-0.16507824
0.25415269
-0.29270792
0.27246528
-0.19701742
0.081480579
0.050795777
-0.17285701
0.26000246
-0.29477881
0.27039029
-0.19205494
0.075663949
0.055600304
-0.17574412
0.26108952
-0.29478458
0.27004248
-0.19141313
0.074108536
0.059056834
-0.18142652
0.26814507
-0.30119319
0.27322899
-0.1892795
0.066070389
0.071143625
-0.19385463
0.27666777
-0.30254511
0.26646816
-0.1764162
0.051544965
0.082297083
-0.19816791
0.27318606
-0.2930751
0.25475771
-0.16663329
0.046476966
0.082051629
-0.19392994
0.26732848
-0.28789305
0.25154705
-0.16531974
0.046122785
0.082465894
-0.19473254
0.26804431
-0.28772147
0.24988483
-0.16233068
0.042858327
0.084635132
-0.19482023
0.2661685
-0.28497052
0.24784994
-0.16224411
0.044796415
0.08187476
-0.19332313
0.26771489
-0.29004122
0.25502263
-0.16857175
0.046971385
0.086000019
-0.20355851
0.28119976
-0.30205568
0.26080566
-0.16517855
0.034581649
0.10404151
-0.22138554
0.29272253
-0.30321295
0.25104916
-0.14767841
0.015158674
0.11895646
-0.22723023
0.28815795
-0.29035141
0.2345035
-0.13280433
0.0064292422
0.11942853
-0.22025012
0.27665689
-0.27822851
0.22531376
-0.12879167
0.0081443906
0.11332244
-0.21211113
0.26921787
-0.27376737
0.22497195
-0.13230703
0.013757621
0.10790271
-0.20915207
0.27016042
-0.27864958
0.2323252
-0.13948587
0.017555434
0.10979811
-0.21691878
0.28180893
-0.29041745
0.2398722
-0.13955924
0.0094654153
0.12382329
-0.23257573
0.29386006
-0.29461882
0.23453386
-0.12620174
-0.0075843701
0.13892352
-0.24094722
0.29312583
-0.28553171
0.22060825
-0.11230469
-0.017060736
0.14177883
-0.23757921
0.28589704
-0.27756726
0.21441407
-0.10882878
-0.01850113
0.14238907
-0.23806308
0.28621362
-0.27684559
0.2116307
-0.10363445
-0.025185437
0.14842937
-0.24100653
0.2843985
-0.27036821
0.20251084
-0.09525459
-0.029499061
0.1469631
-0.23454247
0.27580345
-0.26345399
0.20036897
-0.098763851
-0.022144413
0.13966632
-0.23121878
0.27867645
-0.271851
0.21082821
-0.10648084
-0.021216235
0.14684545
-0.24442212
0.29305869
-0.28174119
0.2120133
-0.097997245
-0.036696487
0.16390903
-0.25716276
0.29734096
-0.27667858
0.20004491
-0.083685419
-0.048452534
0.16994589
-0.25674358
0.29193517
-0.2689151
0.19243263
-0.077720005
-0.052658983
0.17261125
-0.25802345
0.29152001
-0.26611621
0.18689012
-0.06995027
-0.060724471
0.17837078
-0.25908392
0.28691949
-0.25693617
0.17605937
-0.061364764
-0.063944289
0.17518883
-0.25102381
0.27726256
-0.24947187
0.17349044
-0.064128447
-0.057692557
0.16871931
-0.2474745
0.27833175
-0.2546364
0.18021502
-0.069075459
-0.057139552
0.17324358
-0.25563201
0.28721605
-0.26102938
0.18186526
-0.065400313
-0.065041698
0.18301187
-0.26450682
0.29287084
-0.26213952
0.17824103
-0.057873598
-0.074743883
0.19274519
-0.27205128
0.29625336
-0.26014248
0.17087871
-0.046625489
-0.087165804
0.20287155
-0.27678019
0.29393277
-0.25123473
0.15794846
-0.033569155
-0.096508298
0.20598884
-0.27309248
0.28490235
-0.23980131
0.14743513
-0.026696095
-0.098239841
0.20260933
-0.26602743
0.27635196
-0.23206268
0.14243893
-0.025581259
-0.095343675
0.19670995
-0.25898556
0.27049211
-0.22946982
0.14420331
-0.0312272
-0.087890415
0.19050648
-0.25690737
0.27408283
-0.23805153
0.15484837
-0.039734436
-0.085496939
0.19620837
-0.26977714
0.29019853
-0.25174955
0.16078166
-0.034842339
-0.10054153
0.21696499
-0.28949823
0.30215118
-0.25161223
0.14816081
-0.013609048
-0.12368104
0.23476437
-0.296461
0.2962609
-0.23489539
0.12587385
0.0075286529
-0.13753776
0.23755642
-0.28766921
0.27868807
-0.21374864
0.10735087
0.018032289
-0.1369129
0.22599384
-0.26875571
0.25845242
-0.19884196
0.10285924
0.010495566
-0.11985148
0.20546386
-0.25234959
0.25259806
-0.20626756
0.12124543
-0.012166648
-0.10183995
0.19972687
-0.26212256
0.27505847
-0.233277
0.14232934
-0.018475288
-0.11374626
0.22632897
-0.29405201
0.30051947
-0.24257474
0.13164552
0.0086150872
-0.14765067
0.25504882
-0.30759504
0.29458728
-0.21987243
0.10059743
0.037153382
-0.16435085
0.25534548
-0.29287238
0.27109433
-0.19615208
0.084227777
0.041983054
-0.15785443
0.24130663
-0.27689017
0.25842191
-0.18996774
0.085001534
0.036135791
-0.14980967
0.23398042
-0.27231445
0.25734337
-0.19195448
0.088849818
0.031896743
-0.14666642
0.23294351
-0.27368488
0.26060655
-0.19591846
0.092010333
0.030869215
-0.14855285
0.23747882
-0.27959594
0.26602393
-0.1989707
0.091436451
0.035261625
-0.15561156
0.24524598
-0.28592857
0.26920758
-0.19819296
0.086985931
0.042289648
-0.16369915
0.25271339
-0.29117709
0.27098498
-0.19577862
0.080335407
0.052194751
-0.17473132
0.26206606
-0.29603693
0.26936508
-0.18737095
0.066991789
0.06674991
-0.18611433
0.26658378
-0.29195361
0.25771315
-0.17174225
0.052432506
0.075604702
-0.18665581
0.25903051
-0.27924799
0.24437362
-0.16224947
0.049723575
0.071344764
-0.17778557
0.2493
-0.27230838
0.24240339
-0.16520126
0.055411874
0.065932838
-0.17502136
0.25024949
-0.27638327
0.24773575
-0.16945503
0.056731027
0.068123218
-0.18004026
0.25644466
-0.28180665
0.25079902
-0.16942469
0.053867531
0.072944467
-0.18581708
0.26208854
-0.28626974
0.2531259
-0.16881667
0.049807748
0.080254298
-0.1951157
0.27128001
-0.29279816
0.25469153
-0.16417969
0.039384072
0.094075693
-0.20847568
0.2800135
-0.29376083
0.24697223
-0.14968493
0.022507598
0.10806903
-0.21520733
0.27732649
-0.28257904
0.23101923
-0.13415265
0.01231088
0.10998864
-0.208798
0.2653424
-0.26942563
0.22112196
-0.13040369
0.015060962
0.10256861
-0.19994235
