-1.000000000000000000e+00 1.100262587733442498e-03
-9.939939939939940183e-01 1.108930911192650354e-03
-9.879879879879880367e-01 1.117704642829404904e-03
-9.819819819819819440e-01 1.126585531633279976e-03
-9.759759759759759623e-01 1.135575363549046549e-03
-9.699699699699699806e-01 1.144675962427864997e-03
-9.639639639639639990e-01 1.153889191007373936e-03
-9.579579579579580173e-01 1.163216951921724291e-03
-9.519519519519519246e-01 1.172661188742595093e-03
-9.459459459459459429e-01 1.182223887052286050e-03
-9.399399399399399613e-01 1.191907075550051754e-03
-9.339339339339339796e-01 1.201712827192838494e-03
-9.279279279279278869e-01 1.211643260371671584e-03
-9.219219219219219053e-01 1.221700540124990349e-03
-9.159159159159159236e-01 1.231886879390242011e-03
-9.099099099099099419e-01 1.242204540295166904e-03
-9.039039039039038492e-01 1.252655835490186021e-03
-8.978978978978978676e-01 1.263243129523438247e-03
-8.918918918918918859e-01 1.273968840260022257e-03
-8.858858858858859042e-01 1.284835440347089968e-03
-8.798798798798799226e-01 1.295845458726508498e-03
-8.738738738738738299e-01 1.307001482196857006e-03
-8.678678678678678482e-01 1.318306157026643416e-03
-8.618618618618618665e-01 1.329762190620651817e-03
-8.558558558558558849e-01 1.341372353241468158e-03
-8.498498498498499032e-01 1.353139479788270693e-03
-8.438438438438438105e-01 1.365066471635099313e-03
-8.378378378378378288e-01 1.377156298530902729e-03
-8.318318318318318472e-01 1.389412000563749810e-03
-8.258258258258258655e-01 1.401836690191719586e-03
-8.198198198198198838e-01 1.414433554343076096e-03
-8.138138138138137911e-01 1.427205856588457250e-03
-8.078078078078078095e-01 1.440156939387944980e-03
-8.018018018018018278e-01 1.453290226415973954e-03
-7.957957957957957351e-01 1.466609224967215658e-03
-7.897897897897897534e-01 1.480117528446686127e-03
-7.837837837837837718e-01 1.493818818947475428e-03
-7.777777777777777901e-01 1.507716869919673930e-03
-7.717717717717718084e-01 1.521815548934222009e-03
-7.657657657657657158e-01 1.536118820545561347e-03
-7.597597597597597341e-01 1.550630749257207600e-03
-7.537537537537537524e-01 1.565355502594469777e-03
-7.477477477477477708e-01 1.580297354288833118e-03
-7.417417417417417891e-01 1.595460687578666679e-03
-7.357357357357356964e-01 1.610849998631167911e-03
-7.297297297297297147e-01 1.626469900090708309e-03
-7.237237237237237331e-01 1.642325124758930435e-03
-7.177177177177176404e-01 1.658420529412305737e-03
-7.117117117117117697e-01 1.674761098763033430e-03
-7.057057057057056770e-01 1.691351949569527835e-03
-6.996996996996996954e-01 1.708198334903017826e-03
-6.936936936936937137e-01 1.725305648577087764e-03
-6.876876876876876210e-01 1.742679429747379626e-03
-6.816816816816817504e-01 1.760325367688987631e-03
-6.756756756756756577e-01 1.778249306759479556e-03
-6.696696696696696760e-01 1.796457251555889619e-03
-6.636636636636636943e-01 1.814955372274413593e-03
-6.576576576576576016e-01 1.833750010282057851e-03
-6.516516516516517310e-01 1.852847683909875478e-03
-6.456456456456456383e-01 1.872255094478010237e-03
-6.396396396396396566e-01 1.891979132563252055e-03
-6.336336336336336750e-01 1.912026884520370840e-03
-6.276276276276275823e-01 1.932405639269126887e-03
-6.216216216216216006e-01 1.953122895359438995e-03
-6.156156156156156189e-01 1.974186368327907407e-03
-6.096096096096096373e-01 1.995603998359554189e-03
-6.036036036036036556e-01 2.017383958269421476e-03
-5.975975975975975629e-01 2.039534661819458142e-03
-5.915915915915915813e-01 2.062064772386978766e-03
-5.855855855855855996e-01 2.084983212001851292e-03
-5.795795795795795069e-01 2.108299170770559696e-03
-5.735735735735736363e-01 2.132022116706242670e-03
-5.675675675675675436e-01 2.156161805984985538e-03
-5.615615615615615619e-01 2.180728293649640895e-03
-5.555555555555555802e-01 2.205731944783822195e-03
-5.495495495495494875e-01 2.231183446179891942e-03
-5.435435435435436169e-01 2.257093818526181243e-03
-5.375375375375375242e-01 2.283474429140195348e-03
-5.315315315315315425e-01 2.310337005275995767e-03
-5.255255255255255609e-01 2.337693648035751425e-03
-5.195195195195194682e-01 2.365556846917140146e-03
-5.135135135135135975e-01 2.393939495030135683e-03
-5.075075075075075048e-01 2.422854905018896089e-03
-5.015015015015015232e-01 2.452316825726388264e-03
-4.954954954954955415e-01 2.482339459641874548e-03
-4.894894894894894488e-01 2.512937481173770776e-03
-4.834834834834834671e-01 2.544126055792920050e-03
-4.774774774774774855e-01 2.575920860094349247e-03
-4.714714714714715038e-01 2.608338102828295767e-03
-4.654654654654655221e-01 2.641394546954734142e-03
-4.594594594594594295e-01 2.675107532778956288e-03
-4.534534534534534478e-01 2.709495002229414268e-03
-4.474474474474474661e-01 2.744575524343100155e-03
-4.414414414414414845e-01 2.780368322027792528e-03
-4.354354354354353918e-01 2.816893300175208475e-03
-4.294294294294294101e-01 2.854171075203839648e-03
-4.234234234234234284e-01 2.892223006115530581e-03
-4.174174174174174468e-01 2.931071227155487933e-03
-4.114114114114114651e-01 2.970738682171373320e-03
-4.054054054054053724e-01 3.011249160773738637e-03
-3.993993993993993907e-01 3.052627336406917545e-03
-3.933933933933934091e-01 3.094898806447098343e-03
-3.873873873873874274e-01 3.138090134452400665e-03
-3.813813813813813347e-01 3.182228894698396152e-03
-3.753753753753753530e-01 3.227343719142127497e-03
-3.693693693693693714e-01 3.273464346967643220e-03
-3.633633633633633897e-01 3.320621676877171229e-03
-3.573573573573574080e-01 3.368847822303829096e-03
-3.513513513513513153e-01 3.418176169734601574e-03
-3.453453453453453337e-01 3.468641440346235776e-03
-3.393393393393393520e-01 3.520279755171573134e-03
-3.333333333333333703e-01 3.573128704030213102e-03
-3.273273273273273887e-01 3.627227418474954137e-03
-3.213213213213212960e-01 3.682616649024496140e-03
-3.153153153153153143e-01 3.739338846973747250e-03
-3.093093093093093326e-01 3.797438251095421134e-03
-3.033033033033033510e-01 3.856960979571166792e-03
-2.972972972972972583e-01 3.917955127517044542e-03
-2.912912912912912766e-01 3.980470870496983365e-03
-2.852852852852852950e-01 4.044560574449565168e-03
-2.792792792792793133e-01 4.110278912487622116e-03
-2.732732732732733316e-01 4.177682989067673519e-03
-2.672672672672672389e-01 4.246832472067091878e-03
-2.612612612612612573e-01 4.317789733351474861e-03
-2.552552552552552756e-01 4.390619998463583633e-03
-2.492492492492492939e-01 4.465391506118511662e-03
-2.432432432432432012e-01 4.542175678248217864e-03
-2.372372372372372196e-01 4.621047301402686318e-03
-2.312312312312312379e-01 4.702084720385021205e-03
-2.252252252252252562e-01 4.785370045075195040e-03
-2.192192192192192746e-01 4.870989371481591196e-03
-2.132132132132131819e-01 4.959033018152821104e-03
-2.072072072072072002e-01 5.049595779184783140e-03
-2.012012012012012185e-01 5.142777195170801681e-03
-1.951951951951952369e-01 5.238681843567414079e-03
-1.891891891891891442e-01 5.337419650085657545e-03
-1.831831831831831625e-01 5.439106222869755612e-03
-1.771771771771771808e-01 5.543863211392994692e-03
-1.711711711711711992e-01 5.651818692186549691e-03
-1.651651651651652175e-01 5.763107583723246774e-03
-1.591591591591591248e-01 5.877872093006729186e-03
-1.531531531531531432e-01 5.996262196670575258e-03
-1.471471471471471615e-01 6.118436159674229234e-03
-1.411411411411411798e-01 6.244561094996822943e-03
-1.351351351351350871e-01 6.374813568080391762e-03
-1.291291291291291055e-01 6.509380250164575193e-03
-1.231231231231231238e-01 6.648458625091480632e-03
-1.171171171171171421e-01 6.792257754647734388e-03
-1.111111111111111605e-01 6.940999108057118588e-03
-1.051051051051050678e-01 7.094917461850679292e-03
-9.909909909909908610e-02 7.254261877029185082e-03
-9.309309309309310443e-02 7.419296761206610469e-03
-8.708708708708712276e-02 7.590303024294809721e-03
-8.108108108108114109e-02 7.767579337271277029e-03
-7.507507507507504840e-02 7.951443504681300969e-03
-6.906906906906906674e-02 8.142233962779259551e-03
-6.306306306306308507e-02 8.340311416633895344e-03
-5.705705705705710340e-02 8.546060631132725363e-03
-5.105105105105101071e-02 8.759892392649931692e-03
-4.504504504504502904e-02 8.982245660223788647e-03
-3.903903903903904737e-02 9.213589927461586157e-03
-3.303303303303306571e-02 9.454427819098285349e-03
-2.702702702702708404e-02 9.705297949232812027e-03
-2.102102102102099135e-02 9.966778071813875081e-03
-1.501501501501500968e-02 1.023948855802125392e-02
-9.009009009009028013e-03 1.052409623987222986e-02
-3.003003003003046345e-03 1.082131866478061762e-02
3.003003003003046345e-03 1.113192881202774293e-02
9.009009009008916991e-03 1.145676032931408107e-02
1.501501501501500968e-02 1.179671335592036817e-02
2.102102102102110237e-02 1.215276100871763403e-02
2.702702702702697302e-02 1.252595661857769035e-02
3.303303303303306571e-02 1.291744181793583884e-02
3.903903903903893635e-02 1.332845559570229425e-02
4.504504504504502904e-02 1.376034445383512300e-02
5.105105105105112173e-02 1.421457382118345228e-02
5.705705705705699238e-02 1.469274090531997104e-02
6.306306306306308507e-02 1.519658919275756331e-02
6.906906906906895571e-02 1.572802484311977556e-02
7.507507507507504840e-02 1.628913526464795605e-02
8.108108108108114109e-02 1.688221020826860541e-02
8.708708708708701174e-02 1.750976577705111448e-02
9.309309309309310443e-02 1.817457181937853425e-02
9.909909909909919712e-02 1.887968326019364568e-02
1.051051051051050678e-01 1.962847602857567542e-02
1.111111111111111605e-01 2.042468836578087768e-02
1.171171171171170311e-01 2.127246845096224942e-02
1.231231231231231238e-01 2.217642946862540682e-02
1.291291291291292165e-01 2.314171347081606794e-02
1.351351351351350871e-01 2.417406566868155957e-02
1.411411411411411798e-01 2.527992113596087137e-02
1.471471471471470505e-01 2.646650633860568938e-02
1.531531531531531432e-01 2.774195844263812813e-02
1.591591591591592358e-01 2.911546602579532378e-02
1.651651651651651065e-01 3.059743566571144005e-02
1.711711711711711992e-01 3.219968994848887434e-02
1.771771771771770698e-01 3.393570380275384019e-02
1.831831831831831625e-01 3.582088780356693092e-02
1.891891891891892552e-01 3.787292932532185935e-02
1.951951951951951258e-01 4.011220531085946117e-02
2.012012012012012185e-01 4.256228417891970428e-02
2.072072072072070892e-01 4.525053930445071398e-02
2.132132132132131819e-01 4.820890297448936213e-02
2.192192192192192746e-01 5.147479829593788747e-02
2.252252252252251452e-01 5.509229797403358830e-02
2.312312312312312379e-01 5.911357425924733400e-02
2.372372372372373306e-01 6.360072517882081611e-02
2.432432432432432012e-01 6.862809055634763733e-02
2.492492492492492939e-01 7.428521031282013520e-02
2.552552552552551646e-01 8.068063148010085062e-02
2.612612612612612573e-01 8.794684548671279078e-02
2.672672672672673500e-01 9.624674258176423025e-02
2.732732732732732206e-01 1.057821186488680093e-01
2.792792792792793133e-01 1.168049795088278442e-01
2.852852852852851839e-01 1.296326848265821896e-01
2.912912912912912766e-01 1.446683925496450862e-01
2.972972972972973693e-01 1.624288484298199997e-01
3.033033033033032400e-01 1.835823571099960971e-01
3.093093093093093326e-01 2.090007860413390373e-01
3.153153153153152033e-01 2.398305894310956421e-01
3.213213213213212960e-01 2.775886417399348605e-01
3.273273273273273887e-01 3.242877196725238997e-01
3.333333333333332593e-01 3.825898668600449248e-01
3.393393393393393520e-01 4.559636555637685551e-01
3.453453453453452227e-01 5.487598458457075834e-01
3.513513513513513153e-01 6.659688893010553556e-01
3.573573573573574080e-01 8.121014776482973208e-01
3.633633633633632787e-01 9.881142156298923229e-01
3.693693693693693714e-01 1.185082066813316182e+00
3.753753753753754641e-01 1.375544374797132763e+00
3.813813813813813347e-01 1.511320243751152370e+00
3.873873873873874274e-01 1.543284841143477637e+00
3.933933933933932980e-01 1.458025670884503189e+00
3.993993993993993907e-01 1.289947529122283498e+00
4.054054054054054834e-01 1.091911426236828575e+00
4.114114114114113541e-01 9.031178540911551922e-01
4.174174174174174468e-01 7.412726160990308344e-01
4.234234234234233174e-01 6.096193999748236170e-01
4.294294294294294101e-01 5.049604004274288460e-01
4.354354354354355028e-01 4.223281755290321793e-01
4.414414414414413734e-01 3.569681422199740828e-01
4.474474474474474661e-01 3.049448910175913685e-01
4.534534534534533368e-01 2.631896688328348999e-01
4.594594594594594295e-01 2.293689116008485462e-01
4.654654654654655221e-01 2.017232914688976142e-01
4.714714714714713928e-01 1.789264532832930132e-01
4.774774774774774855e-01 1.599739399649831029e-01
4.834834834834835782e-01 1.440998249418060373e-01
4.894894894894894488e-01 1.307153847298455629e-01
4.954954954954955415e-01 1.193643039825060953e-01
5.015015015015014122e-01 1.096899618528557885e-01
5.075075075075075048e-01 1.014114541615392384e-01
5.135135135135135975e-01 9.430591809365505840e-02
5.195195195195194682e-01 8.819541534048896958e-02
5.255255255255255609e-01 8.293713005220819390e-02
5.315315315315314315e-01 7.841599481812455696e-02
5.375375375375375242e-01 7.453911056970728699e-02
5.435435435435436169e-01 7.123150512682235869e-02
5.495495495495494875e-01 6.843290213869136773e-02
5.555555555555555802e-01 6.609526304559865117e-02
5.615615615615614509e-01 6.418093037019308167e-02
5.675675675675675436e-01 6.266124881557970372e-02
5.735735735735736363e-01 6.151557671109813413e-02
5.795795795795795069e-01 6.073062817666059071e-02
5.855855855855855996e-01 6.030010882184987792e-02
5.915915915915914702e-01 6.022462705599370553e-02
5.975975975975975629e-01 6.051188098968564993e-02
6.036036036036036556e-01 6.117713914412188647e-02
6.096096096096095263e-01 6.224405350625525357e-02
6.156156156156156189e-01 6.374586791606819125e-02
6.216216216216217116e-01 6.572711593785526829e-02
6.276276276276275823e-01 6.824594373193712538e-02
6.336336336336336750e-01 7.137724984073726131e-02
6.396396396396395456e-01 7.521691204508414164e-02
6.456456456456456383e-01 7.988748113605317891e-02
6.516516516516517310e-01 8.554587593032936255e-02
6.576576576576576016e-01 9.239383100660722437e-02
6.636636636636636943e-01 1.006921504819069391e-01
6.696696696696695650e-01 1.107802294838774321e-01
6.756756756756756577e-01 1.231028254712126513e-01
6.816816816816817504e-01 1.382466368215129748e-01
6.876876876876876210e-01 1.569896289002971623e-01
6.936936936936937137e-01 1.803654743920330150e-01
6.996996996996995843e-01 2.097418559843264030e-01
7.057057057057056770e-01 2.468994017319624257e-01
7.117117117117117697e-01 2.940651150771354527e-01
7.177177177177176404e-01 3.537738910967275219e-01
7.237237237237237331e-01 4.282622436881872163e-01
7.297297297297298257e-01 5.178324416652413387e-01
7.357357357357356964e-01 6.175436861399346000e-01
7.417417417417417891e-01 7.128407477908286216e-01
7.477477477477476597e-01 7.788749078444480167e-01
7.537537537537537524e-01 7.912784547151217041e-01
7.597597597597598451e-01 7.446888962630302533e-01
7.657657657657657158e-01 6.576026348707260105e-01
7.717717717717718084e-01 5.567545525078335666e-01
7.777777777777776791e-01 4.613862922631112307e-01
7.837837837837837718e-01 3.799312201658878174e-01
7.897897897897898645e-01 3.137519858922511728e-01
7.957957957957957351e-01 2.611287960779078432e-01
8.018018018018018278e-01 2.195315850263760138e-01
8.078078078078076985e-01 1.865690783029808897e-01
8.138138138138137911e-01 1.602715173645280211e-01
8.198198198198198838e-01 1.391059407982992435e-01
8.258258258258257545e-01 1.219073670159842998e-01
8.318318318318318472e-01 1.077973898002974190e-01
8.378378378378377178e-01 9.611339838039940908e-02
8.438438438438438105e-01 8.635313065967999135e-02
8.498498498498499032e-01 7.813312248621767653e-02
8.558558558558557738e-01 7.115815745935802350e-02
8.618618618618618665e-01 6.519895011150030062e-02
8.678678678678679592e-01 6.007583925658734753e-02
8.738738738738738299e-01 5.564682471436201844e-02
8.798798798798799226e-01 5.179873631977847948e-02
8.858858858858857932e-01 4.844066727168353653e-02
8.918918918918918859e-01 4.549905260816913127e-02
8.978978978978979786e-01 4.291395075069280585e-02
9.039039039039038492e-01 4.063621135582032307e-02
9.099099099099099419e-01 3.862530124275367210e-02
9.159159159159158126e-01 3.684762287312385448e-02
9.219219219219219053e-01 3.527520448480878784e-02
9.279279279279279979e-01 3.388467292802559844e-02
9.339339339339338686e-01 3.265644327682164921e-02
9.399399399399399613e-01 3.157407600444128715e-02
9.459459459459458319e-01 3.062376473785056660e-02
9.519519519519519246e-01 2.979392662009574741e-02
9.579579579579580173e-01 2.907487400724684951e-02
9.639639639639638879e-01 2.845855124601806910e-02
9.699699699699699806e-01 2.793832407328231821e-02
9.759759759759758513e-01 2.750881207670374459e-02
9.819819819819819440e-01 2.716575689403739891e-02
9.879879879879880367e-01 2.690592058147014964e-02
9.939939939939939073e-01 2.672700997804232023e-02
1.000000000000000000e+00 2.662762403134631001e-02
1.006006006006006093e+00 2.660722200473727289e-02
1.012012012012012185e+00 2.666611131824774689e-02
1.018018018018017834e+00 2.680545453424398525e-02
1.024024024024023927e+00 2.702729572863640795e-02
1.030030030030030019e+00 2.733460723084586708e-02
1.036036036036036112e+00 2.773135851334494750e-02
1.042042042042042205e+00 2.822260991137908251e-02
1.048048048048047853e+00 2.881463491052463355e-02
1.054054054054053946e+00 2.951507602200692873e-02
1.060060060060060039e+00 3.033314086003929474e-02
1.066066066066066131e+00 3.127984705577448177e-02
1.072072072072072224e+00 3.236832724096291164e-02
1.078078078078077873e+00 3.361420871723696385e-02
1.084084084084083965e+00 3.503608687641791147e-02
1.090090090090090058e+00 3.665611734366289176e-02
1.096096096096096151e+00 3.850075972264479368e-02
1.102102102102102243e+00 4.060171649423546802e-02
1.108108108108107892e+00 4.299712513762808663e-02
1.114114114114113985e+00 4.573308144255454344e-02
1.120120120120120077e+00 4.886559946191469661e-02
1.126126126126126170e+00 5.246315177338359281e-02
1.132132132132132263e+00 5.660998722002367339e-02
1.138138138138137911e+00 6.141049861309357677e-02
1.144144144144144004e+00 6.699501932643023294e-02
1.150150150150150097e+00 7.352757838936678503e-02
1.156156156156156189e+00 8.121635640495548925e-02
1.162162162162162282e+00 9.032788198273122848e-02
1.168168168168167931e+00 1.012064146349270499e-01
1.174174174174174023e+00 1.143004884505935681e-01
1.180180180180180116e+00 1.301992047649610795e-01
1.186186186186186209e+00 1.496813687237483481e-01
1.192192192192192302e+00 1.737803381755396170e-01
1.198198198198198394e+00 2.038647417724922251e-01
1.204204204204204043e+00 2.417254953332351464e-01
1.210210210210210136e+00 2.896318625574498817e-01
1.216216216216216228e+00 3.502497875795543836e-01
1.222222222222222321e+00 4.261624806135603793e-01
1.228228228228228414e+00 5.184665374845781605e-01
1.234234234234234062e+00 6.237132255731686614e-01
1.240240240240240155e+00 7.292656332862988977e-01
1.246246246246246248e+00 8.107887850473050051e-01
1.252252252252252340e+00 8.402349531593057419e-01
1.258258258258258433e+00 8.053098255364047331e-01
1.264264264264264082e+00 7.203887233168122517e-01
1.270270270270270174e+00 6.138804271312281458e-01
1.276276276276276267e+00 5.092248632645075546e-01
1.282282282282282360e+00 4.180956302289450810e-01
1.288288288288288452e+00 3.433834860154747481e-01
1.294294294294294101e+00 2.837726663297008844e-01
1.300300300300300194e+00 2.366356036511704231e-01
1.306306306306306286e+00 1.993295530879604649e-01
1.312312312312312379e+00 1.696258071805493428e-01
1.318318318318318472e+00 1.457723446533174538e-01
1.324324324324324120e+00 1.264323533937712074e-01
1.330330330330330213e+00 1.105968779232421595e-01
1.336336336336336306e+00 9.750529836595360489e-02
1.342342342342342398e+00 8.658189739639847449e-02
1.348348348348348491e+00 7.738794543577866281e-02
1.354354354354354140e+00 6.958635607720173311e-02
1.360360360360360232e+00 6.291584514880101120e-02
1.366366366366366325e+00 5.717205801483921102e-02
1.372372372372372418e+00 5.219374044762650766e-02
1.378378378378378510e+00 4.785254660365800827e-02
1.384384384384384159e+00 4.404547375024253641e-02
1.390390390390390252e+00 4.068920253475152154e-02
1.396396396396396344e+00 3.771582817166577867e-02
1.402402402402402437e+00 3.506961418406659425e-02
1.408408408408408530e+00 3.270450365890781308e-02
1.414414414414414178e+00 3.058219609402072769e-02
1.420420420420420271e+00 2.867064987489034364e-02
1.426426426426426364e+00 2.694290755154498535e-02
1.432432432432432456e+00 2.537616779433250064e-02
1.438438438438438549e+00 2.395104725243840313e-02
1.444444444444444642e+00 2.265098965207219123e-02
1.450450450450450290e+00 2.146178984260314893e-02
1.456456456456456383e+00 2.037120817605099152e-02
1.462462462462462476e+00 1.936865632891610067e-02
1.468468468468468568e+00 1.844493997247631870e-02
1.474474474474474661e+00 1.759204694602869989e-02
1.480480480480480310e+00 1.680297205949619205e-02
1.486486486486486402e+00 1.607157154517446784e-02
1.492492492492492495e+00 1.539244163780204358e-02
1.498498498498498588e+00 1.476081689406087000e-02
1.504504504504504681e+00 1.417248474596297277e-02
1.510510510510510329e+00 1.362371347620362251e-02
1.516516516516516422e+00 1.311119135167988434e-02
1.522522522522522515e+00 1.263197508743067569e-02
1.528528528528528607e+00 1.218344616274639677e-02
1.534534534534534700e+00 1.176327379374188416e-02
1.540540540540540349e+00 1.136938359753814770e-02
1.546546546546546441e+00 1.099993117440182210e-02
1.552552552552552534e+00 1.065327999545112939e-02
1.558558558558558627e+00 1.032798312290714345e-02
1.564564564564564719e+00 1.002276841432877749e-02
1.570570570570570368e+00 9.736526978215011285e-03
1.576576576576576461e+00 9.468304762094864949e-03
1.582582582582582553e+00 9.217297272484844747e-03
1.588588588588588646e+00 8.982847556633918179e-03
1.594594594594594739e+00 8.764447728369007332e-03
1.600600600600600387e+00 8.561744507013458599e-03
1.606606606606606480e+00 8.374549476000671400e-03
1.612612612612612573e+00 8.202855079543510883e-03
1.618618618618618665e+00 8.046857794012341261e-03
1.624624624624624758e+00 7.906990481670287882e-03
1.630630630630630407e+00 7.783966724144823768e-03
1.636636636636636499e+00 7.678841036150644596e-03
1.642642642642642592e+00 7.593090411749697961e-03
1.648648648648648685e+00 7.528724846656669779e-03
1.654654654654654777e+00 7.488437572848852253e-03
1.660660660660660426e+00 7.475810076097185244e-03
1.666666666666666519e+00 7.495592930153009009e-03
1.672672672672672611e+00 7.554091360107596277e-03
1.678678678678678704e+00 7.659693959229947613e-03
1.684684684684684797e+00 7.823591961773611672e-03
1.690690690690690445e+00 8.060737408436872975e-03
1.696696696696696538e+00 8.391059837443365713e-03
1.702702702702702631e+00 8.840845971928376276e-03
1.708708708708708723e+00 9.443845535305882277e-03
1.714714714714714816e+00 1.024078413452486624e-02
1.720720720720720909e+00 1.127394541774347052e-02
1.726726726726726557e+00 1.256968228076979499e-02
1.732732732732732650e+00 1.409753371034374453e-02
1.738738738738738743e+00 1.570084405126854349e-02
1.744744744744744835e+00 1.703811340219247780e-02
1.750750750750750928e+00 1.765592144232594474e-02
1.756756756756756577e+00 1.726864239298080833e-02
1.762762762762762669e+00 1.600331324033693950e-02
1.768768768768768762e+00 1.428508603936155981e-02
1.774774774774774855e+00 1.252302379767270858e-02
1.780780780780780947e+00 1.094702990334641204e-02
1.786786786786786596e+00 9.630056824617266517e-03
1.792792792792792689e+00 8.562330640411295116e-03
1.798798798798798781e+00 7.704718761776373041e-03
1.804804804804804874e+00 7.014434943868160660e-03
1.810810810810810967e+00 6.454314099933590974e-03
1.816816816816816615e+00 5.994763305895949371e-03
1.822822822822822708e+00 5.613073412095864918e-03
1.828828828828828801e+00 5.292065163089434629e-03
1.834834834834834894e+00 5.018779681047718343e-03
1.840840840840840986e+00 4.783410139679245693e-03
1.846846846846846635e+00 4.578486868486227913e-03
1.852852852852852727e+00 4.398273733004488990e-03
1.858858858858858820e+00 4.238326236826576304e-03
1.864864864864864913e+00 4.095168862506197265e-03
1.870870870870871006e+00 3.966058909396609836e-03
1.876876876876876654e+00 3.848812736142372820e-03
1.882882882882882747e+00 3.741677049989048601e-03
1.888888888888888840e+00 3.643232843075269907e-03
1.894894894894894932e+00 3.552323132385010098e-03
1.900900900900901025e+00 3.467998182303447426e-03
1.906906906906906674e+00 3.389473671360810746e-03
1.912912912912912766e+00 3.316098526231588215e-03
1.918918918918918859e+00 3.247330042519409963e-03
1.924924924924924952e+00 3.182714552950537904e-03
1.930930930930931044e+00 3.121872365782918640e-03
1.936936936936936693e+00 3.064486032794296304e-03
1.942942942942942786e+00 3.010291254431135023e-03
1.948948948948948878e+00 2.959069915910114614e-03
1.954954954954954971e+00 2.910644891148228986e-03
1.960960960960961064e+00 2.864876365245925659e-03
1.966966966966967156e+00 2.821659521513783780e-03
1.972972972972972805e+00 2.780923524445722342e-03
1.978978978978978898e+00 2.742631813463328530e-03
1.984984984984984990e+00 2.706783811634665225e-03
1.990990990990991083e+00 2.673418257930716604e-03
1.996996996996997176e+00 2.642618502166604530e-03
2.003003003003002824e+00 2.614520273482884728e-03
2.009009009009008917e+00 2.589322666445046089e-03
2.015015015015015010e+00 2.567303411685556251e-03
2.021021021021021102e+00 2.548839948559423942e-03
2.027027027027027195e+00 2.534438444425581374e-03
2.033033033033032844e+00 2.524773763747332860e-03
2.039039039039038936e+00 2.520744518757977223e-03
2.045045045045045029e+00 2.523548683912156532e-03
2.051051051051051122e+00 2.534786498227888443e-03
2.057057057057057214e+00 2.556597385642396351e-03
2.063063063063062863e+00 2.591833173307227060e-03
2.069069069069068956e+00 2.644252541164425051e-03
2.075075075075075048e+00 2.718670723155244308e-03
2.081081081081081141e+00 2.820867754126067488e-03
2.087087087087087234e+00 2.956761816794526571e-03
2.093093093093092882e+00 3.129804348655198815e-03
2.099099099099098975e+00 3.334986331418108522e-03
2.105105105105105068e+00 3.548902941160687625e-03
2.111111111111111160e+00 3.721991136142412029e-03
2.117117117117117253e+00 3.790441973395592724e-03
2.123123123123122902e+00 3.716736625518809491e-03
2.129129129129128994e+00 3.522109021475498727e-03
2.135135135135135087e+00 3.267483115157152323e-03
2.141141141141141180e+00 3.009357059392449556e-03
2.147147147147147273e+00 2.778628848042777929e-03
2.153153153153152921e+00 2.584639904559715446e-03
2.159159159159159014e+00 2.425618422072859347e-03
2.165165165165165106e+00 2.295953658899655206e-03
2.171171171171171199e+00 2.189640933160287833e-03
2.177177177177177292e+00 2.101501968571390169e-03
2.183183183183182940e+00 2.027425810624235939e-03
2.189189189189189033e+00 1.964261471050694676e-03
2.195195195195195126e+00 1.909625870835189631e-03
2.201201201201201219e+00 1.861720909596108588e-03
2.207207207207207311e+00 1.819185050841631542e-03
2.213213213213213404e+00 1.780980382885299571e-03
2.219219219219219053e+00 1.746309044355606353e-03
2.225225225225225145e+00 1.714552058598237637e-03
2.231231231231231238e+00 1.685224667376951369e-03
2.237237237237237331e+00 1.657943626083762138e-03
2.243243243243243423e+00 1.632403126965814534e-03
2.249249249249249072e+00 1.608356950275132043e-03
2.255255255255255165e+00 1.585605128971269342e-03
2.261261261261261257e+00 1.563983903968505862e-03
2.267267267267267350e+00 1.543358095190732132e-03
2.273273273273273443e+00 1.523615259741935291e-03
2.279279279279279091e+00 1.504661182515681190e-03
2.285285285285285184e+00 1.486416368120300037e-03
2.291291291291291277e+00 1.468813291181777711e-03
2.297297297297297369e+00 1.451794225438895374e-03
2.303303303303303462e+00 1.435309517868835335e-03
2.309309309309309111e+00 1.419316207463705397e-03
2.315315315315315203e+00 1.403776912777807357e-03
2.321321321321321296e+00 1.388658930474805141e-03
2.327327327327327389e+00 1.373933500586002046e-03
2.333333333333333481e+00 1.359575204299662710e-03
2.339339339339339130e+00 1.345561467732904384e-03
2.345345345345345223e+00 1.331872150935875998e-03
2.351351351351351315e+00 1.318489205814164268e-03
2.357357357357357408e+00 1.305396390068383093e-03
2.363363363363363501e+00 1.292579026892809457e-03
2.369369369369369149e+00 1.280023802233429568e-03
2.375375375375375242e+00 1.267718593016852564e-03
2.381381381381381335e+00 1.255652321031119336e-03
2.387387387387387427e+00 1.243814828143099656e-03
2.393393393393393520e+00 1.232196769336388938e-03
2.399399399399399169e+00 1.220789520691541218e-03
2.405405405405405261e+00 1.209585099943319463e-03
2.411411411411411354e+00 1.198576097662914239e-03
2.417417417417417447e+00 1.187755617447849984e-03
2.423423423423423539e+00 1.177117223774713914e-03
2.429429429429429188e+00 1.166654896392207682e-03
2.435435435435435281e+00 1.156362990314392528e-03
2.441441441441441373e+00 1.146236200623919517e-03
2.447447447447447466e+00 1.136269531419131004e-03
2.453453453453453559e+00 1.126458268341366808e-03
2.459459459459459651e+00 1.116797954204457738e-03
2.465465465465465300e+00 1.107284367319416683e-03
2.471471471471471393e+00 1.097913502167097025e-03
2.477477477477477485e+00 1.088681552121606878e-03
2.483483483483483578e+00 1.079584893969347519e-03
2.489489489489489671e+00 1.070620074004302244e-03
2.495495495495495319e+00 1.061783795510146426e-03
2.501501501501501412e+00 1.053072907465509587e-03
2.507507507507507505e+00 1.044484394330379802e-03
2.513513513513513598e+00 1.036015366790367549e-03
2.519519519519519690e+00 1.027663053351321248e-03
2.525525525525525339e+00 1.019424792690579520e-03
2.531531531531531432e+00 1.011298026682764823e-03
2.537537537537537524e+00 1.003280294028229122e-03
2.543543543543543617e+00 9.953692244209224552e-04
2.549549549549549710e+00 9.875625332000908391e-04
2.555555555555555358e+00 9.798580164367227605e-04
2.561561561561561451e+00 9.722535464113719493e-04
2.567567567567567544e+00 9.647470674449772944e-04
2.573573573573573636e+00 9.573365920485950829e-04
2.579579579579579729e+00 9.500201973618026697e-04
2.585585585585585378e+00 9.427960218527974348e-04
2.591591591591591470e+00 9.356622622561720478e-04
2.597597597597597563e+00 9.286171707268828972e-04
2.603603603603603656e+00 9.216590521912164293e-04
2.609609609609609748e+00 9.147862618775113273e-04
2.615615615615615397e+00 9.079972030111843747e-04
2.621621621621621490e+00 9.012903246601620478e-04
2.627627627627627582e+00 8.946641197181927005e-04
2.633633633633633675e+00 8.881171230147430398e-04
2.639639639639639768e+00 8.816479095412959547e-04
2.645645645645645416e+00 8.752550927847910483e-04
2.651651651651651509e+00 8.689373231598871610e-04
2.657657657657657602e+00 8.626932865324335106e-04
2.663663663663663694e+00 8.565217028272782088e-04
2.669669669669669787e+00 8.504213247141278412e-04
2.675675675675675436e+00 8.443909363657766754e-04
2.681681681681681528e+00 8.384293522834717271e-04
2.687687687687687621e+00 8.325354161846729032e-04
2.693693693693693714e+00 8.267079999488547142e-04
2.699699699699699806e+00 8.209460026173657663e-04
2.705705705705705455e+00 8.152483494436985577e-04
2.711711711711711548e+00 8.096139909908132157e-04
2.717717717717717640e+00 8.040419022724399440e-04
2.723723723723723733e+00 7.985310819355305196e-04
2.729729729729729826e+00 7.930805514812339866e-04
2.735735735735735918e+00 7.876893545220045806e-04
2.741741741741741567e+00 7.823565560726154734e-04
2.747747747747747660e+00 7.770812418730161861e-04
2.753753753753753752e+00 7.718625177411518211e-04
2.759759759759759845e+00 7.666995089539578893e-04
2.765765765765765938e+00 7.615913596549265478e-04
2.771771771771771586e+00 7.565372322867054385e-04
2.777777777777777679e+00 7.515363070473392911e-04
2.783783783783783772e+00 7.465877813688347056e-04
2.789789789789789864e+00 7.416908694168335928e-04
2.795795795795795957e+00 7.368448016102581606e-04
2.801801801801801606e+00 7.320488241598744695e-04
2.807807807807807698e+00 7.273021986247698266e-04
2.813813813813813791e+00 7.226042014858425049e-04
2.819819819819819884e+00 7.179541237354200535e-04
2.825825825825825977e+00 7.133512704822035644e-04
2.831831831831831625e+00 7.087949605707894720e-04
2.837837837837837718e+00 7.042845262150359631e-04
2.843843843843843811e+00 6.998193126446354030e-04
2.849849849849849903e+00 6.953986777642377033e-04
2.855855855855855996e+00 6.910219918245549906e-04
2.861861861861861644e+00 6.866886371048883456e-04
2.867867867867867737e+00 6.823980076065445932e-04
2.873873873873873830e+00 6.781495087566723852e-04
2.879879879879879923e+00 6.739425571220314165e-04
2.885885885885886015e+00 6.697765801322707463e-04
2.891891891891891664e+00 6.656510158123011894e-04
2.897897897897897757e+00 6.615653125233642018e-04
2.903903903903903849e+00 6.575189287124400157e-04
2.909909909909909942e+00 6.535113326696315996e-04
2.915915915915916035e+00 6.495420022932075306e-04
2.921921921921921683e+00 6.456104248619747238e-04
2.927927927927927776e+00 6.417160968147001031e-04
2.933933933933933869e+00 6.378585235362860912e-04
2.939939939939939961e+00 6.340372191504373275e-04
2.945945945945946054e+00 6.302517063185662100e-04
2.951951951951951703e+00 6.265015160446886543e-04
2.957957957957957795e+00 6.227861874860872666e-04
2.963963963963963888e+00 6.191052677695201012e-04
2.969969969969969981e+00 6.154583118127639110e-04
2.975975975975976073e+00 6.118448821512989001e-04
2.981981981981982166e+00 6.082645487699386323e-04
2.987987987987987815e+00 6.047168889392325964e-04
2.993993993993993907e+00 6.012014870564626450e-04
3.000000000000000000e+00 5.977179344910721944e-04
3.006006006006005649e+00 5.942658294343692400e-04
3.012012012012012185e+00 5.908447767533563880e-04
3.018018018018017834e+00 5.874543878485402344e-04
3.024024024024024371e+00 5.840942805155848903e-04
3.030030030030030019e+00 5.807640788106806359e-04
3.036036036036035668e+00 5.774634129194959695e-04
3.042042042042042205e+00 5.741919190295973700e-04
3.048048048048047853e+00 5.709492392062262903e-04
3.054054054054054390e+00 5.677350212713059901e-04
3.060060060060060039e+00 5.645489186855937470e-04
3.066066066066065687e+00 5.613905904338569071e-04
3.072072072072072224e+00 5.582597009129915697e-04
3.078078078078077873e+00 5.551559198229811219e-04
3.084084084084084409e+00 5.520789220606010577e-04
3.090090090090090058e+00 5.490283876157979817e-04
3.096096096096095707e+00 5.460040014706415328e-04
3.102102102102102243e+00 5.430054535007853688e-04
3.108108108108107892e+00 5.400324383793499335e-04
3.114114114114114429e+00 5.370846554831562071e-04
3.120120120120120077e+00 5.341618088012419201e-04
3.126126126126125726e+00 5.312636068455869366e-04
3.132132132132132263e+00 5.283897625639838403e-04
3.138138138138137911e+00 5.255399932549945259e-04
3.144144144144144448e+00 5.227140204849209121e-04
3.150150150150150097e+00 5.199115700067448919e-04
3.156156156156155745e+00 5.171323716809645516e-04
3.162162162162162282e+00 5.143761593982868700e-04
3.168168168168167931e+00 5.116426710041160723e-04
3.174174174174174468e+00 5.089316482247816962e-04
3.180180180180180116e+00 5.062428365954726485e-04
3.186186186186185765e+00 5.035759853898092754e-04
3.192192192192192302e+00 5.009308475510262319e-04
3.198198198198197950e+00 4.983071796247098796e-04
3.204204204204204487e+00 4.957047416930496653e-04
3.210210210210210136e+00 4.931232973105654236e-04
3.216216216216215784e+00 4.905626134412648500e-04
3.222222222222222321e+00 4.880224603971997045e-04
3.228228228228227970e+00 4.855026117783760743e-04
3.234234234234234506e+00 4.830028444139827554e-04
3.240240240240240155e+00 4.805229383049126543e-04
3.246246246246245803e+00 4.780626765675263594e-04
3.252252252252252340e+00 4.756218453786398856e-04
3.258258258258257989e+00 4.732002339216991320e-04
3.264264264264264526e+00 4.707976343341046242e-04
3.270270270270270174e+00 4.684138416556690851e-04
3.276276276276275823e+00 4.660486537781641952e-04
3.282282282282282360e+00 4.637018713959417974e-04
3.288288288288288008e+00 4.613732979575939299e-04
3.294294294294294545e+00 4.590627396186257206e-04
3.300300300300300194e+00 4.567700051951225498e-04
3.306306306306305842e+00 4.544949061183746713e-04
3.312312312312312379e+00 4.522372563904483419e-04
3.318318318318318028e+00 4.499968725406710418e-04
3.324324324324324564e+00 4.477735735830100242e-04
3.330330330330330213e+00 4.455671809743247305e-04
3.336336336336335862e+00 4.433775185734688414e-04
3.342342342342342398e+00 4.412044126012229896e-04
3.348348348348348047e+00 4.390476916010373708e-04
3.354354354354354584e+00 4.369071864005636004e-04
3.360360360360360232e+00 4.347827300739594432e-04
3.366366366366366769e+00 4.326741579049446246e-04
3.372372372372372418e+00 4.305813073505934652e-04
3.378378378378378066e+00 4.285040180058434143e-04
3.384384384384384603e+00 4.264421315687033816e-04
3.390390390390390252e+00 4.243954918061498328e-04
3.396396396396396788e+00 4.223639445206857660e-04
3.402402402402402437e+00 4.203473375175564982e-04
3.408408408408408086e+00 4.183455205725997096e-04
3.414414414414414622e+00 4.163583454007193383e-04
3.420420420420420271e+00 4.143856656249689046e-04
3.426426426426426808e+00 4.124273367462258344e-04
3.432432432432432456e+00 4.104832161134506011e-04
3.438438438438438105e+00 4.085531628945090555e-04
3.444444444444444642e+00 4.066370380475529587e-04
3.450450450450450290e+00 4.047347042929419643e-04
3.456456456456456827e+00 4.028460260856931742e-04
3.462462462462462476e+00 4.009708695884531705e-04
3.468468468468468124e+00 3.991091026449715461e-04
3.474474474474474661e+00 3.972605947540737642e-04
3.480480480480480310e+00 3.954252170441183308e-04
3.486486486486486847e+00 3.936028422479233724e-04
3.492492492492492495e+00 3.917933446781632161e-04
3.498498498498498144e+00 3.899966002032119309e-04
3.504504504504504681e+00 3.882124862234341577e-04
3.510510510510510329e+00 3.864408816479095654e-04
3.516516516516516866e+00 3.846816668715784108e-04
3.522522522522522515e+00 3.829347237528071195e-04
3.528528528528528163e+00 3.811999355913559960e-04
3.534534534534534700e+00 3.794771871067467348e-04
3.540540540540540349e+00 3.777663644170202971e-04
3.546546546546546885e+00 3.760673550178718198e-04
3.552552552552552534e+00 3.743800477621635854e-04
3.558558558558558182e+00 3.727043328397978386e-04
3.564564564564564719e+00 3.710401017579509678e-04
3.570570570570570368e+00 3.693872473216567990e-04
3.576576576576576905e+00 3.677456636147299505e-04
3.582582582582582553e+00 3.661152459810285424e-04
3.588588588588588202e+00 3.644958910060429260e-04
3.594594594594594739e+00 3.628874964988063122e-04
3.600600600600600387e+00 3.612899614741229095e-04
3.606606606606606924e+00 3.597031861351014811e-04
3.612612612612612573e+00 3.581270718559941587e-04
3.618618618618618221e+00 3.565615211653299439e-04
3.624624624624624758e+00 3.550064377293380151e-04
3.630630630630630407e+00 3.534617263356587828e-04
3.636636636636636943e+00 3.519272928773291395e-04
3.642642642642642592e+00 3.504030443370439638e-04
3.648648648648648241e+00 3.488888887716834713e-04
3.654654654654654777e+00 3.473847352971046773e-04
3.660660660660660426e+00 3.458904940731884052e-04
3.666666666666666963e+00 3.444060762891382101e-04
3.672672672672672611e+00 3.429313941490280725e-04
3.678678678678678260e+00 3.414663608575903503e-04
3.684684684684684797e+00 3.400108906062412266e-04
3.690690690690690445e+00 3.385648985593417534e-04
3.696696696696696982e+00 3.371283008406822422e-04
3.702702702702702631e+00 3.357010145201953116e-04
3.708708708708708279e+00 3.342829576008843665e-04
3.714714714714714816e+00 3.328740490059704359e-04
3.720720720720720465e+00 3.314742085662481528e-04
3.726726726726727001e+00 3.300833570076493043e-04
3.732732732732732650e+00 3.287014159390098337e-04
3.738738738738738299e+00 3.273283078400349242e-04
3.744744744744744835e+00 3.259639560494605962e-04
3.750750750750750484e+00 3.246082847534065567e-04
3.756756756756757021e+00 3.232612189739168872e-04
3.762762762762762669e+00 3.219226845576854249e-04
3.768768768768768318e+00 3.205926081649618817e-04
3.774774774774774855e+00 3.192709172586360956e-04
3.780780780780780503e+00 3.179575400934968950e-04
3.786786786786787040e+00 3.166524057056602595e-04
3.792792792792792689e+00 3.153554439021675386e-04
3.798798798798798337e+00 3.140665852507471684e-04
3.804804804804804874e+00 3.127857610697376079e-04
3.810810810810810523e+00 3.115129034181719314e-04
3.816816816816817060e+00 3.102479450860133950e-04
3.822822822822822708e+00 3.089908195845488632e-04
3.828828828828828357e+00 3.077414611369293619e-04
3.834834834834834894e+00 3.064998046688586792e-04
3.840840840840840542e+00 3.052657857994277367e-04
3.846846846846847079e+00 3.040393408320897451e-04
3.852852852852852727e+00 3.028204067457760350e-04
3.858858858858858376e+00 3.016089211861480083e-04
3.864864864864864913e+00 3.004048224569839118e-04
3.870870870870870561e+00 2.992080495116987491e-04
3.876876876876877098e+00 2.980185419449925092e-04
3.882882882882882747e+00 2.968362399846274685e-04
3.888888888888889284e+00 2.956610844833282249e-04
3.894894894894894932e+00 2.944930169108084207e-04
3.900900900900900581e+00 2.933319793459146139e-04
3.906906906906907118e+00 2.921779144688914170e-04
3.912912912912912766e+00 2.910307655537619411e-04
3.918918918918919303e+00 2.898904764608233823e-04
3.924924924924924952e+00 2.887569916292547683e-04
3.930930930930930600e+00 2.876302560698358905e-04
3.936936936936937137e+00 2.865102153577737346e-04
3.942942942942942786e+00 2.853968156256375482e-04
3.948948948948949322e+00 2.842900035563971240e-04
3.954954954954954971e+00 2.831897263765650592e-04
3.960960960960960620e+00 2.820959318494403864e-04
3.966966966966967156e+00 2.810085682684505966e-04
3.972972972972972805e+00 2.799275844505943849e-04
3.978978978978979342e+00 2.788529297299770942e-04
3.984984984984984990e+00 2.777845539514436305e-04
3.990990990990990639e+00 2.767224074643023410e-04
3.996996996996997176e+00 2.756664411161416470e-04
4.003003003003002824e+00 2.746166062467362851e-04
4.009009009009009361e+00 2.735728546820403941e-04
4.015015015015015010e+00 2.725351387282703725e-04
4.021021021021020658e+00 2.715034111660700827e-04
4.027027027027027195e+00 2.704776252447616512e-04
4.033033033033032844e+00 2.694577346766793206e-04
4.039039039039039380e+00 2.684436936315824467e-04
4.045045045045045029e+00 2.674354567311506788e-04
4.051051051051050678e+00 2.664329790435559023e-04
4.057057057057057214e+00 2.654362160781116456e-04
4.063063063063062863e+00 2.644451237800000639e-04
4.069069069069069400e+00 2.634596585250708581e-04
4.075075075075075048e+00 2.624797771147165224e-04
4.081081081081080697e+00 2.615054367708171431e-04
4.087087087087087234e+00 2.605365951307576770e-04
4.093093093093092882e+00 2.595732102425165146e-04
4.099099099099099419e+00 2.586152405598190975e-04
4.105105105105105068e+00 2.576626449373634162e-04
4.111111111111110716e+00 2.567153826261082310e-04
4.117117117117117253e+00 2.557734132686298131e-04
4.123123123123122902e+00 2.548366968945415699e-04
4.129129129129129439e+00 2.539051939159769878e-04
4.135135135135135087e+00 2.529788651231359466e-04
4.141141141141140736e+00 2.520576716798910441e-04
4.147147147147147273e+00 2.511415751194555042e-04
4.153153153153152921e+00 2.502305373401100103e-04
4.159159159159159458e+00 2.493245206009881408e-04
4.165165165165165106e+00 2.484234875179189956e-04
4.171171171171170755e+00 2.475274010593267980e-04
4.177177177177177292e+00 2.466362245421863868e-04
4.183183183183182940e+00 2.457499216280335688e-04
4.189189189189189477e+00 2.448684563190284356e-04
4.195195195195195126e+00 2.439917929540739733e-04
4.201201201201200774e+00 2.431198962049847638e-04
4.207207207207207311e+00 2.422527310727083769e-04
4.213213213213212960e+00 2.413902628835978294e-04
4.219219219219219497e+00 2.405324572857322910e-04
4.225225225225225145e+00 2.396792802452892891e-04
4.231231231231230794e+00 2.388306980429634539e-04
4.237237237237237331e+00 2.379866772704330492e-04
4.243243243243242979e+00 2.371471848268752382e-04
4.249249249249249516e+00 2.363121879155244463e-04
4.255255255255255165e+00 2.354816540402795673e-04
4.261261261261260813e+00 2.346555510023528028e-04
4.267267267267267350e+00 2.338338468969651497e-04
4.273273273273272999e+00 2.330165101100842252e-04
4.279279279279279535e+00 2.322035093152040514e-04
4.285285285285285184e+00 2.313948134701688576e-04
4.291291291291290833e+00 2.305903918140363206e-04
4.297297297297297369e+00 2.297902138639832520e-04
4.303303303303303018e+00 2.289942494122509129e-04
4.309309309309309555e+00 2.282024685231295489e-04
4.315315315315315203e+00 2.274148415299825541e-04
4.321321321321320852e+00 2.266313390323091228e-04
4.327327327327327389e+00 2.258519318928437923e-04
4.333333333333333037e+00 2.250765912346952330e-04
4.339339339339339574e+00 2.243052884385192186e-04
4.345345345345345223e+00 2.235379951397304646e-04
4.351351351351350871e+00 2.227746832257479416e-04
4.357357357357357408e+00 2.220153248332764825e-04
4.363363363363363057e+00 2.212598923456231650e-04
4.369369369369369593e+00 2.205083583900467083e-04
4.375375375375375242e+00 2.197606958351422423e-04
4.381381381381380891e+00 2.190168777882569489e-04
4.387387387387387427e+00 2.182768775929400725e-04
4.393393393393393076e+00 2.175406688264251590e-04
4.399399399399399613e+00 2.168082252971422993e-04
4.405405405405405261e+00 2.160795210422635231e-04
4.411411411411411798e+00 2.153545303252775737e-04
4.417417417417417447e+00 2.146332276335960172e-04
4.423423423423423095e+00 2.139155876761885159e-04
4.429429429429429632e+00 2.132015853812478364e-04
4.435435435435435281e+00 2.124911958938841309e-04
4.441441441441441818e+00 2.117843945738472999e-04
4.447447447447447466e+00 2.110811569932780042e-04
4.453453453453453115e+00 2.103814589344867036e-04
4.459459459459459651e+00 2.096852763877586634e-04
4.465465465465465300e+00 2.089925855491885575e-04
4.471471471471471837e+00 2.083033628185387636e-04
4.477477477477477485e+00 2.076175847971264423e-04
4.483483483483483134e+00 2.069352282857347405e-04
4.489489489489489671e+00 2.062562702825501779e-04
4.495495495495495319e+00 2.055806879811258381e-04
4.501501501501501856e+00 2.049084587683678150e-04
4.507507507507507505e+00 2.042395602225475181e-04
4.513513513513513153e+00 2.035739701113376942e-04
4.519519519519519690e+00 2.029116663898713265e-04
4.525525525525525339e+00 2.022526271988257405e-04
4.531531531531531876e+00 2.015968308625280694e-04
4.537537537537537524e+00 2.009442558870847071e-04
4.543543543543543173e+00 2.002948809585324182e-04
4.549549549549549710e+00 1.996486849410119180e-04
4.555555555555555358e+00 1.990056468749640858e-04
4.561561561561561895e+00 1.983657459753460453e-04
4.567567567567567544e+00 1.977289616298703390e-04
4.573573573573573192e+00 1.970952733972631578e-04
4.579579579579579729e+00 1.964646610055453108e-04
4.585585585585585378e+00 1.958371043503320070e-04
4.591591591591591914e+00 1.952125834931532362e-04
4.597597597597597563e+00 1.945910786597943162e-04
4.603603603603603212e+00 1.939725702386555493e-04
4.609609609609609748e+00 1.933570387791313128e-04
4.615615615615615397e+00 1.927444649900084486e-04
4.621621621621621934e+00 1.921348297378828399e-04
4.627627627627627582e+00 1.915281140455955854e-04
4.633633633633633231e+00 1.909242990906858696e-04
4.639639639639639768e+00 1.903233662038630782e-04
4.645645645645645416e+00 1.897252968674971007e-04
4.651651651651651953e+00 1.891300727141240830e-04
4.657657657657657602e+00 1.885376755249721563e-04
4.663663663663663250e+00 1.879480872285020198e-04
4.669669669669669787e+00 1.873612898989657108e-04
4.675675675675675436e+00 1.867772657549816645e-04
4.681681681681681972e+00 1.861959971581258750e-04
4.687687687687687621e+00 1.856174666115396985e-04
4.693693693693693270e+00 1.850416567585532954e-04
4.699699699699699806e+00 1.844685503813247131e-04
4.705705705705705455e+00 1.838981303994953671e-04
4.711711711711711992e+00 1.833303798688596970e-04
4.717717717717717640e+00 1.827652819800508976e-04
4.723723723723723289e+00 1.822028200572408242e-04
4.729729729729729826e+00 1.816429775568555660e-04
4.735735735735735474e+00 1.810857380663048960e-04
4.741741741741742011e+00 1.805310853027258984e-04
4.747747747747747660e+00 1.799790031117418001e-04
4.753753753753753308e+00 1.794294754662336246e-04
4.759759759759759845e+00 1.788824864651262646e-04
4.765765765765765494e+00 1.783380203321885686e-04
4.771771771771772030e+00 1.777960614148456516e-04
4.777777777777777679e+00 1.772565941830059235e-04
4.783783783783783328e+00 1.767196032279003159e-04
4.789789789789789864e+00 1.761850732609344364e-04
4.795795795795795513e+00 1.756529891125546022e-04
4.801801801801802050e+00 1.751233357311244437e-04
4.807807807807807698e+00 1.745960981818163622e-04
4.813813813813813347e+00 1.740712616455132599e-04
4.819819819819819884e+00 1.735488114177235520e-04
4.825825825825825532e+00 1.730287329075081044e-04
4.831831831831832069e+00 1.725110116364180412e-04
4.837837837837837718e+00 1.719956332374456703e-04
4.843843843843843366e+00 1.714825834539858451e-04
4.849849849849849903e+00 1.709718481388088182e-04
4.855855855855855552e+00 1.704634132530453744e-04
4.861861861861862089e+00 1.699572648651810429e-04
4.867867867867867737e+00 1.694533891500638360e-04
4.873873873873873386e+00 1.689517723879206874e-04
4.879879879879879923e+00 1.684524009633850590e-04
4.885885885885885571e+00 1.679552613645364728e-04
4.891891891891892108e+00 1.674603401819481753e-04
4.897897897897897757e+00 1.669676241077471879e-04
4.903903903903904293e+00 1.664770999346833029e-04
4.909909909909909942e+00 1.659887545552082161e-04
4.915915915915915591e+00 1.655025749605651766e-04
4.921921921921922127e+00 1.650185482398876626e-04
4.927927927927927776e+00 1.645366615793087089e-04
4.933933933933934313e+00 1.640569022610782854e-04
4.939939939939939961e+00 1.635792576626918151e-04
4.945945945945945610e+00 1.631037152560266886e-04
4.951951951951952147e+00 1.626302626064884006e-04
4.957957957957957795e+00 1.621588873721664713e-04
4.963963963963964332e+00 1.616895773029979576e-04
4.969969969969969981e+00 1.612223202399409112e-04
4.975975975975975629e+00 1.607571041141563485e-04
4.981981981981982166e+00 1.602939169461984053e-04
4.987987987987987815e+00 1.598327468452140061e-04
4.993993993993994351e+00 1.593735820081496621e-04
5.000000000000000000e+00 1.589164107189679990e-04
5.006006006006005649e+00 1.584612213478712246e-04
5.012012012012012185e+00 1.580080023505336495e-04
5.018018018018017834e+00 1.575567422673420943e-04
5.024024024024024371e+00 1.571074297226436980e-04
5.030030030030030019e+00 1.566600534240023446e-04
5.036036036036035668e+00 1.562146021614621376e-04
5.042042042042042205e+00 1.557710648068188163e-04
5.048048048048047853e+00 1.553294303128993300e-04
5.054054054054054390e+00 1.548896877128475664e-04
5.060060060060060039e+00 1.544518261194187793e-04
5.066066066066065687e+00 1.540158347242804682e-04
5.072072072072072224e+00 1.535817027973208199e-04
5.078078078078077873e+00 1.531494196859644144e-04
5.084084084084084409e+00 1.527189748144943814e-04
5.090090090090090058e+00 1.522903576833824723e-04
5.096096096096095707e+00 1.518635578686248501e-04
5.102102102102102243e+00 1.514385650210856330e-04
5.108108108108107892e+00 1.510153688658466976e-04
5.114114114114114429e+00 1.505939592015642864e-04
5.120120120120120077e+00 1.501743258998318768e-04
5.126126126126125726e+00 1.497564589045499066e-04
5.132132132132132263e+00 1.493403482313017893e-04
5.138138138138137911e+00 1.489259839667362163e-04
5.144144144144144448e+00 1.485133562679555048e-04
5.150150150150150097e+00 1.481024553619105584e-04
5.156156156156155745e+00 1.476932715448016559e-04
5.162162162162162282e+00 1.472857951814851216e-04
5.168168168168167931e+00 1.468800167048867988e-04
5.174174174174174468e+00 1.464759266154199693e-04
5.180180180180180116e+00 1.460735154804106985e-04
5.186186186186185765e+00 1.456727739335276811e-04
5.192192192192192302e+00 1.452736926742185370e-04
5.198198198198197950e+00 1.448762624671514200e-04
5.204204204204204487e+00 1.444804741416623190e-04
5.210210210210210136e+00 1.440863185912078339e-04
5.216216216216215784e+00 1.436937867728233724e-04
5.222222222222222321e+00 1.433028697065864973e-04
5.228228228228227970e+00 1.429135584750863450e-04
5.234234234234234506e+00 1.425258442228970830e-04
5.240240240240240155e+00 1.421397181560579801e-04
5.246246246246245803e+00 1.417551715415574080e-04
5.252252252252252340e+00 1.413721957068224530e-04
5.258258258258257989e+00 1.409907820392138403e-04
5.264264264264264526e+00 1.406109219855249787e-04
5.270270270270270174e+00 1.402326070514869135e-04
5.276276276276275823e+00 1.398558288012773728e-04
5.282282282282282360e+00 1.394805788570347197e-04
5.288288288288288008e+00 1.391068488983774882e-04
5.294294294294294545e+00 1.387346306619270360e-04
5.300300300300300194e+00 1.383639159408364585e-04
5.306306306306305842e+00 1.379946965843228642e-04
5.312312312312312379e+00 1.376269644972048269e-04
5.318318318318318028e+00 1.372607116394448522e-04
5.324324324324324564e+00 1.368959300256942840e-04
5.330330330330330213e+00 1.365326117248450138e-04
5.336336336336335862e+00 1.361707488595840631e-04
5.342342342342342398e+00 1.358103336059526931e-04
5.348348348348348047e+00 1.354513581929101484e-04
5.354354354354354584e+00 1.350938149019012503e-04
5.360360360360360232e+00 1.347376960664280557e-04
5.366366366366365881e+00 1.343829940716260421e-04
5.372372372372372418e+00 1.340297013538437087e-04
5.378378378378378066e+00 1.336778104002272181e-04
5.384384384384384603e+00 1.333273137483076951e-04
5.390390390390390252e+00 1.329782039855934310e-04
5.396396396396395900e+00 1.326304737491656115e-04
5.402402402402402437e+00 1.322841157252778942e-04
5.408408408408408086e+00 1.319391226489599969e-04
5.414414414414414622e+00 1.315954873036244844e-04
5.420420420420420271e+00 1.312532025206780554e-04
5.426426426426426808e+00 1.309122611791355931e-04
5.432432432432432456e+00 1.305726562052392042e-04
5.438438438438438105e+00 1.302343805720788559e-04
5.444444444444444642e+00 1.298974272992187878e-04
5.450450450450450290e+00 1.295617894523254127e-04
5.456456456456456827e+00 1.292274601428004236e-04
5.462462462462462476e+00 1.288944325274163382e-04
5.468468468468468124e+00 1.285626998079554605e-04
5.474474474474474661e+00 1.282322552308524726e-04
5.480480480480480310e+00 1.279030920868406604e-04
5.486486486486486847e+00 1.275752037106005774e-04
5.492492492492492495e+00 1.272485834804130728e-04
5.498498498498498144e+00 1.269232248178144343e-04
5.504504504504504681e+00 1.265991211872554334e-04
5.510510510510510329e+00 1.262762660957634608e-04
5.516516516516516866e+00 1.259546530926074269e-04
5.522522522522522515e+00 1.256342757689663480e-04
5.528528528528528163e+00 1.253151277576002368e-04
5.534534534534534700e+00 1.249972027325245980e-04
5.540540540540540349e+00 1.246804944086879593e-04
5.546546546546546885e+00 1.243649965416514897e-04
5.552552552552552534e+00 1.240507029272731171e-04
5.558558558558558182e+00 1.237376074013928930e-04
5.564564564564564719e+00 1.234257038395222329e-04
5.570570570570570368e+00 1.231149861565357048e-04
5.576576576576576905e+00 1.228054483063656637e-04
5.582582582582582553e+00 1.224970842816998948e-04
5.588588588588588202e+00 1.221898881136810721e-04
5.594594594594594739e+00 1.218838538716104876e-04
5.600600600600600387e+00 1.215789756626529846e-04
5.606606606606606924e+00 1.212752476315453624e-04
5.612612612612612573e+00 1.209726639603077747e-04
5.618618618618618221e+00 1.206712188679562130e-04
5.624624624624624758e+00 1.203709066102192856e-04
5.630630630630630407e+00 1.200717214792567999e-04
5.636636636636636943e+00 1.197736578033805797e-04
5.642642642642642592e+00 1.194767099467786039e-04
5.648648648648648241e+00 1.191808723092406221e-04
5.654654654654654777e+00 1.188861393258870767e-04
5.660660660660660426e+00 1.185925054669000717e-04
5.666666666666666963e+00 1.182999652372566322e-04
5.672672672672672611e+00 1.180085131764648632e-04
5.678678678678678260e+00 1.177181438583016954e-04
5.684684684684684797e+00 1.174288518905535161e-04
5.690690690690690445e+00 1.171406319147590651e-04
5.696696696696696982e+00 1.168534786059543076e-04
5.702702702702702631e+00 1.165673866724201271e-04
5.708708708708708279e+00 1.162823508554313600e-04
5.714714714714714816e+00 1.159983659290089736e-04
5.720720720720720465e+00 1.157154266996738711e-04
5.726726726726727001e+00 1.154335280062029868e-04
5.732732732732732650e+00 1.151526647193879292e-04
5.738738738738738299e+00 1.148728317417948164e-04
5.744744744744744835e+00 1.145940240075271209e-04
5.750750750750750484e+00 1.143162364819903565e-04
5.756756756756757021e+00 1.140394641616583789e-04
5.762762762762762669e+00 1.137637020738426131e-04
5.768768768768768318e+00 1.134889452764621621e-04
5.774774774774774855e+00 1.132151888578168832e-04
5.780780780780780503e+00 1.129424279363621042e-04
5.786786786786787040e+00 1.126706576604849530e-04
5.792792792792792689e+00 1.123998732082834507e-04
5.798798798798798337e+00 1.121300697873466360e-04
5.804804804804804874e+00 1.118612426345370604e-04
5.810810810810810523e+00 1.115933870157751406e-04
5.816816816816817060e+00 1.113264982258252179e-04
5.822822822822822708e+00 1.110605715880839223e-04
5.828828828828828357e+00 1.107956024543695122e-04
5.834834834834834894e+00 1.105315862047137203e-04
5.840840840840840542e+00 1.102685182471553496e-04
5.846846846846847079e+00 1.100063940175351960e-04
5.852852852852852727e+00 1.097452089792934110e-04
5.858858858858858376e+00 1.094849586232677047e-04
5.864864864864864913e+00 1.092256384674941368e-04
5.870870870870870561e+00 1.089672440570091421e-04
5.876876876876877098e+00 1.087097709636531534e-04
5.882882882882882747e+00 1.084532147858767470e-04
5.888888888888888395e+00 1.081975711485468679e-04
5.894894894894894932e+00 1.079428357027562414e-04
5.900900900900900581e+00 1.076890041256335152e-04
5.906906906906907118e+00 1.074360721201555839e-04
5.912912912912912766e+00 1.071840354149607410e-04
5.918918918918919303e+00 1.069328897641642554e-04
5.924924924924924952e+00 1.066826309471748569e-04
5.930930930930930600e+00 1.064332547685132137e-04
5.936936936936937137e+00 1.061847570576314399e-04
5.942942942942942786e+00 1.059371336687349745e-04
5.948948948948949322e+00 1.056903804806049075e-04
5.954954954954954971e+00 1.054444933964224484e-04
5.960960960960960620e+00 1.051994683435948294e-04
5.966966966966967156e+00 1.049553012735824031e-04
5.972972972972972805e+00 1.047119881617275956e-04
5.978978978978979342e+00 1.044695250070847546e-04
5.984984984984984990e+00 1.042279078322517187e-04
5.990990990990990639e+00 1.039871326832030127e-04
5.996996996996997176e+00 1.037471956291237483e-04
6.003003003003002824e+00 1.035080927622459765e-04
6.009009009009009361e+00 1.032698201976850824e-04
6.015015015015015010e+00 1.030323740732786992e-04
6.021021021021020658e+00 1.027957505494261653e-04
6.027027027027027195e+00 1.025599458089297022e-04
6.033033033033032844e+00 1.023249560568370695e-04
6.039039039039039380e+00 1.020907775202849248e-04
6.045045045045045029e+00 1.018574064483437967e-04
6.051051051051050678e+00 1.016248391118646833e-04
6.057057057057057214e+00 1.013930718033261258e-04
6.063063063063062863e+00 1.011621008366836124e-04
6.069069069069069400e+00 1.009319225472188477e-04
6.075075075075075048e+00 1.007025332913915553e-04
6.081081081081080697e+00 1.004739294466916471e-04
6.087087087087087234e+00 1.002461074114929644e-04
6.093093093093092882e+00 1.000190636049083198e-04
6.099099099099099419e+00 9.979279446664524457e-05
6.105105105105105068e+00 9.956729645686332084e-05
6.111111111111110716e+00 9.934256605603254426e-05
6.117117117117117253e+00 9.911859976479287914e-05
6.123123123123122902e+00 9.889539410381501981e-05
6.129129129129129439e+00 9.867294561366191086e-05
6.135135135135135087e+00 9.845125085465173114e-05
6.141141141141140736e+00 9.823030640672220581e-05
6.147147147147147273e+00 9.801010886929520307e-05
6.153153153153152921e+00 9.779065486114351280e-05
6.159159159159159458e+00 9.757194102025759815e-05
6.165165165165165106e+00 9.735396400371423083e-05
6.171171171171170755e+00 9.713672048754577704e-05
6.177177177177177292e+00 9.692020716661073018e-05
6.183183183183182940e+00 9.670442075446512441e-05
6.189189189189189477e+00 9.648935798323497834e-05
6.195195195195195126e+00 9.627501560349017518e-05
6.201201201201200774e+00 9.606139038411830224e-05
6.207207207207207311e+00 9.584847911220097062e-05
6.213213213213212960e+00 9.563627859288993151e-05
6.219219219219219497e+00 9.542478564928452071e-05
6.225225225225225145e+00 9.521399712231039063e-05
6.231231231231230794e+00 9.500390987059881146e-05
6.237237237237237331e+00 9.479452077036701590e-05
6.243243243243242979e+00 9.458582671529980432e-05
6.249249249249249516e+00 9.437782461643155643e-05
6.255255255255255165e+00 9.417051140202957113e-05
6.261261261261260813e+00 9.396388401747821952e-05
6.267267267267267350e+00 9.375793942516381615e-05
6.273273273273272999e+00 9.355267460436100823e-05
6.279279279279279535e+00 9.334808655111915122e-05
6.285285285285285184e+00 9.314417227815025653e-05
6.291291291291290833e+00 9.294092881471764395e-05
6.297297297297297369e+00 9.273835320652527175e-05
6.303303303303303018e+00 9.253644251560848972e-05
6.309309309309309555e+00 9.233519382022461607e-05
6.315315315315315203e+00 9.213460421474565566e-05
6.321321321321320852e+00 9.193467080955067933e-05
6.327327327327327389e+00 9.173539073091993806e-05
6.333333333333333037e+00 9.153676112092924808e-05
6.339339339339339574e+00 9.133877913734533827e-05
6.345345345345345223e+00 9.114144195352217334e-05
6.351351351351350871e+00 9.094474675829788686e-05
6.357357357357357408e+00 9.074869075589250030e-05
6.363363363363363057e+00 9.055327116580672638e-05
6.369369369369369593e+00 9.035848522272112463e-05
6.375375375375375242e+00 9.016433017639632777e-05
6.381381381381380891e+00 8.997080329157394556e-05
6.387387387387387427e+00 8.977790184787824126e-05
6.393393393393393076e+00 8.958562313971870251e-05
6.399399399399399613e+00 8.939396447619297808e-05
6.405405405405405261e+00 8.920292318099096673e-05
6.411411411411410910e+00 8.901249659229946152e-05
6.417417417417417447e+00 8.882268206270740418e-05
6.423423423423423095e+00 8.863347695911239974e-05
6.429429429429429632e+00 8.844487866262693303e-05
6.435435435435435281e+00 8.825688456848648257e-05
6.441441441441441818e+00 8.806949208595739049e-05
6.447447447447447466e+00 8.788269863824608769e-05
6.453453453453453115e+00 8.769650166240849519e-05
6.459459459459459651e+00 8.751089860926046906e-05
6.465465465465465300e+00 8.732588694328876028e-05
6.471471471471471837e+00 8.714146414256272006e-05
6.477477477477477485e+00 8.695762769864670983e-05
6.483483483483483134e+00 8.677437511651295851e-05
6.489489489489489671e+00 8.659170391445536843e-05
6.495495495495495319e+00 8.640961162400371425e-05
6.501501501501501856e+00 8.622809578983857382e-05
6.507507507507507505e+00 8.604715396970738376e-05
6.513513513513513153e+00 8.586678373433991236e-05
6.519519519519519690e+00 8.568698266736569761e-05
6.525525525525525339e+00 8.550774836523132257e-05
6.531531531531531876e+00 8.532907843711862584e-05
6.537537537537537524e+00 8.515097050486333222e-05
6.543543543543543173e+00 8.497342220287436093e-05
6.549549549549549710e+00 8.479643117805386572e-05
6.555555555555555358e+00 8.461999508971761381e-05
6.561561561561561895e+00 8.444411160951621851e-05
6.567567567567567544e+00 8.426877842135687346e-05
6.573573573573573192e+00 8.409399322132556109e-05
6.579579579579579729e+00 8.391975371760985742e-05
6.585585585585585378e+00 8.374605763042250938e-05
6.591591591591591914e+00 8.357290269192532380e-05
6.597597597597597563e+00 8.340028664615391023e-05
6.603603603603603212e+00 8.322820724894254573e-05
6.609609609609609748e+00 8.305666226785005611e-05
6.615615615615615397e+00 8.288564948208600885e-05
6.621621621621621934e+00 8.271516668243725841e-05
6.627627627627627582e+00 8.254521167119568416e-05
6.633633633633633231e+00 8.237578226208568436e-05
6.639639639639639768e+00 8.220687628019263235e-05
6.645645645645645416e+00 8.203849156189179357e-05
6.651651651651651953e+00 8.187062595477773044e-05
6.657657657657657602e+00 8.170327731759439841e-05
6.663663663663663250e+00 8.153644352016529626e-05
6.669669669669669787e+00 8.137012244332461923e-05
6.675675675675675436e+00 8.120431197884864260e-05
6.681681681681681972e+00 8.103901002938772866e-05
6.687687687687687621e+00 8.087421450839880801e-05
6.693693693693693270e+00 8.070992334007832166e-05
6.699699699699699806e+00 8.054613445929542062e-05
6.705705705705705455e+00 8.038284581152626326e-05
6.711711711711711992e+00 8.022005535278810935e-05
6.717717717717717640e+00 8.005776104957437636e-05
6.723723723723723289e+00 7.989596087878993971e-05
6.729729729729729826e+00 7.973465282768677181e-05
6.735735735735735474e+00 7.957383489380043490e-05
6.741741741741742011e+00 7.941350508488670943e-05
6.747747747747747660e+00 7.925366141885890013e-05
6.753753753753753308e+00 7.909430192372520971e-05
6.759759759759759845e+00 7.893542463752708843e-05
6.765765765765765494e+00 7.877702760827765146e-05
6.771771771771772030e+00 7.861910889390062468e-05
6.777777777777777679e+00 7.846166656216991403e-05
6.783783783783783328e+00 7.830469869064926960e-05
6.789789789789789864e+00 7.814820336663255967e-05
6.795795795795795513e+00 7.799217868708461393e-05
6.801801801801802050e+00 7.783662275858217511e-05
6.807807807807807698e+00 7.768153369725575865e-05
6.813813813813813347e+00 7.752690962873115999e-05
6.819819819819819884e+00 7.737274868807214091e-05
6.825825825825825532e+00 7.721904901972308883e-05
6.831831831831832069e+00 7.706580877745228589e-05
6.837837837837837718e+00 7.691302612429547626e-05
6.843843843843843366e+00 7.676069923249975865e-05
6.849849849849849903e+00 7.660882628346808872e-05
6.855855855855855552e+00 7.645740546770398479e-05
6.861861861861862089e+00 7.630643498475677561e-05
6.867867867867867737e+00 7.615591304316713273e-05
6.873873873873873386e+00 7.600583786041287401e-05
6.879879879879879923e+00 7.585620766285551238e-05
6.885885885885885571e+00 7.570702068568677763e-05
6.891891891891892108e+00 7.555827517287572084e-05
6.897897897897897757e+00 7.540996937711625259e-05
6.903903903903903405e+00 7.526210155977484375e-05
6.909909909909909942e+00 7.511466999083879546e-05
6.915915915915915591e+00 7.496767294886459048e-05
6.921921921921922127e+00 7.482110872092700342e-05
6.927927927927927776e+00 7.467497560256842787e-05
6.933933933933933424e+00 7.452927189774808151e-05
6.939939939939939961e+00 7.438399591879237677e-05
6.945945945945945610e+00 7.423914598634507461e-05
6.951951951951952147e+00 7.409472042931777717e-05
6.957957957957957795e+00 7.395071758484134193e-05
6.963963963963964332e+00 7.380713579821678093e-05
6.969969969969969981e+00 7.366397342286716283e-05
6.975975975975975629e+00 7.352122882028958278e-05
6.981981981981982166e+00 7.337890036000744394e-05
6.987987987987987815e+00 7.323698641952324049e-05
6.993993993993994351e+00 7.309548538427147616e-05
7.000000000000000000e+00 7.295439564757196221e-05
