# SIZE = 32
0 0 0 0 0       #0
1 0 0 0 0       #1
0 1 0 0 0       #2
1 1 0 0 0       #3
0 0 1 0 0       #4
1 0 1 0 0       #5
0 1 1 0 0       #6
1 1 1 0 0       #7
0 0 0 1 0       #8
1 0 0 1 0       #9
0 1 0 1 0       #10
1 1 0 1 0       #11
0 0 1 1 0       #12
1 0 1 1 0       #13
0 1 1 1 0       #14
1 1 1 1 0       #15
0 0 0 0 1       #16
1 0 0 0 1       #17
0 1 0 0 1       #18
1 1 0 0 1       #19
0 0 1 0 1       #20
1 0 1 0 1       #21
0 1 1 0 1       #22
1 1 1 0 1       #23
0 0 0 1 1       #24
1 0 0 1 1       #25
0 1 0 1 1       #26
1 1 0 1 1       #27
0 0 1 1 1       #28
1 0 1 1 1       #29
0 1 1 1 1       #30
1 1 1 1 1       #31
