1   7.27979e-06
2   -3.95595e-05
3   3.96788e-05
4   -5.81149e-05
5   5.7724e-05
6   -7.03897e-05
7   7.36306e-05
8   -9.28593e-05
9   8.88625e-05
10   -0.000108865
11   0.000100907
12   -0.00012278
13   0.000110557
14   -0.000131252
15   0.000116737
16   -0.00013751
17   0.000122461
18   -0.00014409
19   0.000126215
20   -0.000146711
21   0.000129721
22   -0.000147254
23   0.000136752
24   -0.000153741
25   0.000140257
26   -0.000157405
27   0.000146105
28   -0.000166933
29   0.000151773
30   -0.00017821
31   0.000155048
32   -0.00018685
33   0.000155719
34   -0.000194583
35   0.000150569
36   -0.000195907
37   0.000135662
38   -0.000187512
39   0.000104031
40   -0.000162672
