1   -0.483471
2   0.336562
3   -0.24757
4   0.225196
5   -0.188562
6   0.183596
7   -0.158837
8   0.16011
9   -0.139901
10   0.144326
11   -0.12628
12   0.132614
13   -0.115699
14   0.12333
15   -0.107022
16   0.115607
17   -0.0996015
18   0.108934
19   -0.0930361
20   0.102985
21   -0.0870598
22   0.0975368
23   -0.081474
24   0.0924229
25   -0.0761255
26   0.0875093
27   -0.0708774
28   0.0826797
29   -0.0655981
30   0.0778177
31   -0.0601363
32   0.0727913
33   -0.0542926
34   0.0674287
35   -0.0477531
36   0.0614643
37   -0.0399038
38   0.0543953
39   -0.0290305
40   0.0449271
